{"/Users/josiahroa/Documents/Lambda School/BioBid/bio-bid-fe/bio-bid/src/App.js": {"path":"/Users/josiahroa/Documents/Lambda School/BioBid/bio-bid-fe/bio-bid/src/App.js","statementMap":{"0":{"start":{"line":11,"column":2},"end":{"line":29,"column":4}}},"fnMap":{"0":{"name":"App","decl":{"start":{"line":10,"column":9},"end":{"line":10,"column":12}},"loc":{"start":{"line":10,"column":15},"end":{"line":30,"column":1}},"line":10}},"branchMap":{},"s":{"0":0},"f":{"0":0},"b":{},"hash":"9a01f9c7555a6acab749bc7ee876e276d7d68204"}
,"/Users/josiahroa/Documents/Lambda School/BioBid/bio-bid-fe/bio-bid/src/index.js": {"path":"/Users/josiahroa/Documents/Lambda School/BioBid/bio-bid-fe/bio-bid/src/index.js","statementMap":{"0":{"start":{"line":14,"column":15},"end":{"line":31,"column":2}},"1":{"start":{"line":33,"column":0},"end":{"line":33,"column":35}},"2":{"start":{"line":35,"column":0},"end":{"line":42,"column":2}},"3":{"start":{"line":47,"column":0},"end":{"line":47,"column":27}}},"fnMap":{},"branchMap":{"0":{"loc":{"start":{"line":16,"column":7},"end":{"line":16,"column":77}},"type":"binary-expr","locations":[{"start":{"line":16,"column":7},"end":{"line":16,"column":44}},{"start":{"line":16,"column":48},"end":{"line":16,"column":77}}],"line":16}},"s":{"0":0,"1":0,"2":0,"3":0},"f":{},"b":{"0":[0,0]},"hash":"9919633a9602c8e2aa2ec4860dfd5b4876153378"}
,"/Users/josiahroa/Documents/Lambda School/BioBid/bio-bid-fe/bio-bid/src/serviceWorker.js": {"path":"/Users/josiahroa/Documents/Lambda School/BioBid/bio-bid-fe/bio-bid/src/serviceWorker.js","statementMap":{"0":{"start":{"line":13,"column":20},"end":{"line":21,"column":1}},"1":{"start":{"line":24,"column":2},"end":{"line":54,"column":3}},"2":{"start":{"line":26,"column":22},"end":{"line":26,"column":75}},"3":{"start":{"line":27,"column":4},"end":{"line":32,"column":5}},"4":{"start":{"line":31,"column":6},"end":{"line":31,"column":13}},"5":{"start":{"line":34,"column":4},"end":{"line":53,"column":7}},"6":{"start":{"line":35,"column":20},"end":{"line":35,"column":65}},"7":{"start":{"line":37,"column":6},"end":{"line":52,"column":7}},"8":{"start":{"line":39,"column":8},"end":{"line":39,"column":47}},"9":{"start":{"line":43,"column":8},"end":{"line":48,"column":11}},"10":{"start":{"line":44,"column":10},"end":{"line":47,"column":12}},"11":{"start":{"line":51,"column":8},"end":{"line":51,"column":39}},"12":{"start":{"line":58,"column":2},"end":{"line":98,"column":7}},"13":{"start":{"line":61,"column":6},"end":{"line":94,"column":8}},"14":{"start":{"line":62,"column":33},"end":{"line":62,"column":56}},"15":{"start":{"line":63,"column":8},"end":{"line":65,"column":9}},"16":{"start":{"line":64,"column":10},"end":{"line":64,"column":17}},"17":{"start":{"line":66,"column":8},"end":{"line":93,"column":10}},"18":{"start":{"line":67,"column":10},"end":{"line":92,"column":11}},"19":{"start":{"line":68,"column":12},"end":{"line":91,"column":13}},"20":{"start":{"line":72,"column":14},"end":{"line":75,"column":16}},"21":{"start":{"line":78,"column":14},"end":{"line":80,"column":15}},"22":{"start":{"line":79,"column":16},"end":{"line":79,"column":46}},"23":{"start":{"line":85,"column":14},"end":{"line":85,"column":64}},"24":{"start":{"line":88,"column":14},"end":{"line":90,"column":15}},"25":{"start":{"line":89,"column":16},"end":{"line":89,"column":47}},"26":{"start":{"line":97,"column":6},"end":{"line":97,"column":72}},"27":{"start":{"line":103,"column":2},"end":{"line":128,"column":7}},"28":{"start":{"line":108,"column":26},"end":{"line":108,"column":62}},"29":{"start":{"line":109,"column":6},"end":{"line":122,"column":7}},"30":{"start":{"line":114,"column":8},"end":{"line":118,"column":11}},"31":{"start":{"line":115,"column":10},"end":{"line":117,"column":13}},"32":{"start":{"line":116,"column":12},"end":{"line":116,"column":37}},"33":{"start":{"line":121,"column":8},"end":{"line":121,"column":39}},"34":{"start":{"line":125,"column":6},"end":{"line":127,"column":8}},"35":{"start":{"line":132,"column":2},"end":{"line":140,"column":3}},"36":{"start":{"line":133,"column":4},"end":{"line":139,"column":9}},"37":{"start":{"line":135,"column":8},"end":{"line":135,"column":34}},"38":{"start":{"line":138,"column":8},"end":{"line":138,"column":37}}},"fnMap":{"0":{"name":"register","decl":{"start":{"line":23,"column":16},"end":{"line":23,"column":24}},"loc":{"start":{"line":23,"column":33},"end":{"line":55,"column":1}},"line":23},"1":{"name":"(anonymous_1)","decl":{"start":{"line":34,"column":36},"end":{"line":34,"column":37}},"loc":{"start":{"line":34,"column":42},"end":{"line":53,"column":5}},"line":34},"2":{"name":"(anonymous_2)","decl":{"start":{"line":43,"column":43},"end":{"line":43,"column":44}},"loc":{"start":{"line":43,"column":49},"end":{"line":48,"column":9}},"line":43},"3":{"name":"registerValidSW","decl":{"start":{"line":57,"column":9},"end":{"line":57,"column":24}},"loc":{"start":{"line":57,"column":40},"end":{"line":99,"column":1}},"line":57},"4":{"name":"(anonymous_4)","decl":{"start":{"line":60,"column":10},"end":{"line":60,"column":11}},"loc":{"start":{"line":60,"column":26},"end":{"line":95,"column":5}},"line":60},"5":{"name":"(anonymous_5)","decl":{"start":{"line":61,"column":35},"end":{"line":61,"column":36}},"loc":{"start":{"line":61,"column":41},"end":{"line":94,"column":7}},"line":61},"6":{"name":"(anonymous_6)","decl":{"start":{"line":66,"column":41},"end":{"line":66,"column":42}},"loc":{"start":{"line":66,"column":47},"end":{"line":93,"column":9}},"line":66},"7":{"name":"(anonymous_7)","decl":{"start":{"line":96,"column":11},"end":{"line":96,"column":12}},"loc":{"start":{"line":96,"column":20},"end":{"line":98,"column":5}},"line":96},"8":{"name":"checkValidServiceWorker","decl":{"start":{"line":101,"column":9},"end":{"line":101,"column":32}},"loc":{"start":{"line":101,"column":48},"end":{"line":129,"column":1}},"line":101},"9":{"name":"(anonymous_9)","decl":{"start":{"line":106,"column":10},"end":{"line":106,"column":11}},"loc":{"start":{"line":106,"column":22},"end":{"line":123,"column":5}},"line":106},"10":{"name":"(anonymous_10)","decl":{"start":{"line":114,"column":43},"end":{"line":114,"column":44}},"loc":{"start":{"line":114,"column":59},"end":{"line":118,"column":9}},"line":114},"11":{"name":"(anonymous_11)","decl":{"start":{"line":115,"column":41},"end":{"line":115,"column":42}},"loc":{"start":{"line":115,"column":47},"end":{"line":117,"column":11}},"line":115},"12":{"name":"(anonymous_12)","decl":{"start":{"line":124,"column":11},"end":{"line":124,"column":12}},"loc":{"start":{"line":124,"column":17},"end":{"line":128,"column":5}},"line":124},"13":{"name":"unregister","decl":{"start":{"line":131,"column":16},"end":{"line":131,"column":26}},"loc":{"start":{"line":131,"column":29},"end":{"line":141,"column":1}},"line":131},"14":{"name":"(anonymous_14)","decl":{"start":{"line":134,"column":12},"end":{"line":134,"column":13}},"loc":{"start":{"line":134,"column":28},"end":{"line":136,"column":7}},"line":134},"15":{"name":"(anonymous_15)","decl":{"start":{"line":137,"column":13},"end":{"line":137,"column":14}},"loc":{"start":{"line":137,"column":22},"end":{"line":139,"column":7}},"line":137}},"branchMap":{"0":{"loc":{"start":{"line":14,"column":2},"end":{"line":20,"column":5}},"type":"binary-expr","locations":[{"start":{"line":14,"column":2},"end":{"line":14,"column":42}},{"start":{"line":16,"column":4},"end":{"line":16,"column":40}},{"start":{"line":18,"column":4},"end":{"line":20,"column":5}}],"line":14},"1":{"loc":{"start":{"line":24,"column":2},"end":{"line":54,"column":3}},"type":"if","locations":[{"start":{"line":24,"column":2},"end":{"line":54,"column":3}},{"start":{"line":24,"column":2},"end":{"line":54,"column":3}}],"line":24},"2":{"loc":{"start":{"line":24,"column":6},"end":{"line":24,"column":75}},"type":"binary-expr","locations":[{"start":{"line":24,"column":6},"end":{"line":24,"column":43}},{"start":{"line":24,"column":47},"end":{"line":24,"column":75}}],"line":24},"3":{"loc":{"start":{"line":27,"column":4},"end":{"line":32,"column":5}},"type":"if","locations":[{"start":{"line":27,"column":4},"end":{"line":32,"column":5}},{"start":{"line":27,"column":4},"end":{"line":32,"column":5}}],"line":27},"4":{"loc":{"start":{"line":37,"column":6},"end":{"line":52,"column":7}},"type":"if","locations":[{"start":{"line":37,"column":6},"end":{"line":52,"column":7}},{"start":{"line":37,"column":6},"end":{"line":52,"column":7}}],"line":37},"5":{"loc":{"start":{"line":63,"column":8},"end":{"line":65,"column":9}},"type":"if","locations":[{"start":{"line":63,"column":8},"end":{"line":65,"column":9}},{"start":{"line":63,"column":8},"end":{"line":65,"column":9}}],"line":63},"6":{"loc":{"start":{"line":67,"column":10},"end":{"line":92,"column":11}},"type":"if","locations":[{"start":{"line":67,"column":10},"end":{"line":92,"column":11}},{"start":{"line":67,"column":10},"end":{"line":92,"column":11}}],"line":67},"7":{"loc":{"start":{"line":68,"column":12},"end":{"line":91,"column":13}},"type":"if","locations":[{"start":{"line":68,"column":12},"end":{"line":91,"column":13}},{"start":{"line":68,"column":12},"end":{"line":91,"column":13}}],"line":68},"8":{"loc":{"start":{"line":78,"column":14},"end":{"line":80,"column":15}},"type":"if","locations":[{"start":{"line":78,"column":14},"end":{"line":80,"column":15}},{"start":{"line":78,"column":14},"end":{"line":80,"column":15}}],"line":78},"9":{"loc":{"start":{"line":78,"column":18},"end":{"line":78,"column":43}},"type":"binary-expr","locations":[{"start":{"line":78,"column":18},"end":{"line":78,"column":24}},{"start":{"line":78,"column":28},"end":{"line":78,"column":43}}],"line":78},"10":{"loc":{"start":{"line":88,"column":14},"end":{"line":90,"column":15}},"type":"if","locations":[{"start":{"line":88,"column":14},"end":{"line":90,"column":15}},{"start":{"line":88,"column":14},"end":{"line":90,"column":15}}],"line":88},"11":{"loc":{"start":{"line":88,"column":18},"end":{"line":88,"column":44}},"type":"binary-expr","locations":[{"start":{"line":88,"column":18},"end":{"line":88,"column":24}},{"start":{"line":88,"column":28},"end":{"line":88,"column":44}}],"line":88},"12":{"loc":{"start":{"line":109,"column":6},"end":{"line":122,"column":7}},"type":"if","locations":[{"start":{"line":109,"column":6},"end":{"line":122,"column":7}},{"start":{"line":109,"column":6},"end":{"line":122,"column":7}}],"line":109},"13":{"loc":{"start":{"line":110,"column":8},"end":{"line":111,"column":73}},"type":"binary-expr","locations":[{"start":{"line":110,"column":8},"end":{"line":110,"column":31}},{"start":{"line":111,"column":9},"end":{"line":111,"column":28}},{"start":{"line":111,"column":32},"end":{"line":111,"column":72}}],"line":110},"14":{"loc":{"start":{"line":132,"column":2},"end":{"line":140,"column":3}},"type":"if","locations":[{"start":{"line":132,"column":2},"end":{"line":140,"column":3}},{"start":{"line":132,"column":2},"end":{"line":140,"column":3}}],"line":132}},"s":{"0":0,"1":0,"2":0,"3":0,"4":0,"5":0,"6":0,"7":0,"8":0,"9":0,"10":0,"11":0,"12":0,"13":0,"14":0,"15":0,"16":0,"17":0,"18":0,"19":0,"20":0,"21":0,"22":0,"23":0,"24":0,"25":0,"26":0,"27":0,"28":0,"29":0,"30":0,"31":0,"32":0,"33":0,"34":0,"35":0,"36":0,"37":0,"38":0},"f":{"0":0,"1":0,"2":0,"3":0,"4":0,"5":0,"6":0,"7":0,"8":0,"9":0,"10":0,"11":0,"12":0,"13":0,"14":0,"15":0},"b":{"0":[0,0,0],"1":[0,0],"2":[0,0],"3":[0,0],"4":[0,0],"5":[0,0],"6":[0,0],"7":[0,0],"8":[0,0],"9":[0,0],"10":[0,0],"11":[0,0],"12":[0,0],"13":[0,0,0],"14":[0,0]},"hash":"04236f373eb8982a7bff2d7f287cac48665c0433"}
,"/Users/josiahroa/Documents/Lambda School/BioBid/bio-bid-fe/bio-bid/src/theme.js": {"path":"/Users/josiahroa/Documents/Lambda School/BioBid/bio-bid-fe/bio-bid/src/theme.js","statementMap":{},"fnMap":{},"branchMap":{},"s":{},"f":{},"b":{},"_coverageSchema":"43e27e138ebf9cfc5966b082cf9a028302ed4184","hash":"7461a086ae27c6ecb7bda9b59e95ec8d7523c2a4"}
,"/Users/josiahroa/Documents/Lambda School/BioBid/bio-bid-fe/bio-bid/src/components/bids/CheckBoxFilters.js": {"path":"/Users/josiahroa/Documents/Lambda School/BioBid/bio-bid-fe/bio-bid/src/components/bids/CheckBoxFilters.js","statementMap":{"0":{"start":{"line":14,"column":4},"end":{"line":70,"column":6}},"1":{"start":{"line":21,"column":58},"end":{"line":21,"column":73}},"2":{"start":{"line":28,"column":36},"end":{"line":28,"column":74}},"3":{"start":{"line":34,"column":36},"end":{"line":34,"column":66}},"4":{"start":{"line":40,"column":36},"end":{"line":40,"column":66}},"5":{"start":{"line":49,"column":36},"end":{"line":49,"column":66}},"6":{"start":{"line":55,"column":36},"end":{"line":55,"column":66}},"7":{"start":{"line":61,"column":36},"end":{"line":61,"column":66}}},"fnMap":{"0":{"name":"CheckboxFilters","decl":{"start":{"line":12,"column":9},"end":{"line":12,"column":24}},"loc":{"start":{"line":12,"column":32},"end":{"line":71,"column":1}},"line":12},"1":{"name":"(anonymous_1)","decl":{"start":{"line":21,"column":52},"end":{"line":21,"column":53}},"loc":{"start":{"line":21,"column":58},"end":{"line":21,"column":73}},"line":21},"2":{"name":"(anonymous_2)","decl":{"start":{"line":28,"column":30},"end":{"line":28,"column":31}},"loc":{"start":{"line":28,"column":36},"end":{"line":28,"column":74}},"line":28},"3":{"name":"(anonymous_3)","decl":{"start":{"line":34,"column":30},"end":{"line":34,"column":31}},"loc":{"start":{"line":34,"column":36},"end":{"line":34,"column":66}},"line":34},"4":{"name":"(anonymous_4)","decl":{"start":{"line":40,"column":30},"end":{"line":40,"column":31}},"loc":{"start":{"line":40,"column":36},"end":{"line":40,"column":66}},"line":40},"5":{"name":"(anonymous_5)","decl":{"start":{"line":49,"column":30},"end":{"line":49,"column":31}},"loc":{"start":{"line":49,"column":36},"end":{"line":49,"column":66}},"line":49},"6":{"name":"(anonymous_6)","decl":{"start":{"line":55,"column":30},"end":{"line":55,"column":31}},"loc":{"start":{"line":55,"column":36},"end":{"line":55,"column":66}},"line":55},"7":{"name":"(anonymous_7)","decl":{"start":{"line":61,"column":30},"end":{"line":61,"column":31}},"loc":{"start":{"line":61,"column":36},"end":{"line":61,"column":66}},"line":61}},"branchMap":{"0":{"loc":{"start":{"line":15,"column":45},"end":{"line":15,"column":89}},"type":"cond-expr","locations":[{"start":{"line":15,"column":58},"end":{"line":15,"column":71}},{"start":{"line":15,"column":74},"end":{"line":15,"column":89}}],"line":15}},"s":{"0":6,"1":0,"2":0,"3":0,"4":0,"5":0,"6":0,"7":0},"f":{"0":6,"1":0,"2":0,"3":0,"4":0,"5":0,"6":0,"7":0},"b":{"0":[0,6]},"_coverageSchema":"43e27e138ebf9cfc5966b082cf9a028302ed4184","hash":"1102d575ecd1a3fdf515db2be9d9ad6ebf0b3539"}
,"/Users/josiahroa/Documents/Lambda School/BioBid/bio-bid-fe/bio-bid/src/components/bids/bids.js": {"path":"/Users/josiahroa/Documents/Lambda School/BioBid/bio-bid-fe/bio-bid/src/components/bids/bids.js","statementMap":{"0":{"start":{"line":10,"column":13},"end":{"line":156,"column":1}},"1":{"start":{"line":12,"column":17},"end":{"line":12,"column":38}},"2":{"start":{"line":14,"column":28},"end":{"line":14,"column":40}},"3":{"start":{"line":15,"column":26},"end":{"line":15,"column":41}},"4":{"start":{"line":16,"column":32},"end":{"line":16,"column":44}},"5":{"start":{"line":18,"column":30},"end":{"line":18,"column":45}},"6":{"start":{"line":19,"column":30},"end":{"line":19,"column":45}},"7":{"start":{"line":20,"column":30},"end":{"line":20,"column":45}},"8":{"start":{"line":22,"column":38},"end":{"line":22,"column":53}},"9":{"start":{"line":23,"column":30},"end":{"line":23,"column":45}},"10":{"start":{"line":24,"column":30},"end":{"line":24,"column":45}},"11":{"start":{"line":26,"column":17},"end":{"line":26,"column":44}},"12":{"start":{"line":28,"column":2},"end":{"line":28,"column":26}},"13":{"start":{"line":29,"column":2},"end":{"line":29,"column":26}},"14":{"start":{"line":30,"column":2},"end":{"line":30,"column":37}},"15":{"start":{"line":31,"column":2},"end":{"line":31,"column":27}},"16":{"start":{"line":33,"column":23},"end":{"line":42,"column":3}},"17":{"start":{"line":35,"column":6},"end":{"line":35,"column":29}},"18":{"start":{"line":37,"column":6},"end":{"line":40,"column":43}},"19":{"start":{"line":38,"column":10},"end":{"line":38,"column":35}},"20":{"start":{"line":40,"column":10},"end":{"line":40,"column":43}},"21":{"start":{"line":44,"column":24},"end":{"line":55,"column":3}},"22":{"start":{"line":46,"column":6},"end":{"line":46,"column":29}},"23":{"start":{"line":48,"column":6},"end":{"line":48,"column":35}},"24":{"start":{"line":50,"column":6},"end":{"line":53,"column":43}},"25":{"start":{"line":51,"column":10},"end":{"line":51,"column":35}},"26":{"start":{"line":53,"column":10},"end":{"line":53,"column":43}},"27":{"start":{"line":57,"column":24},"end":{"line":62,"column":3}},"28":{"start":{"line":59,"column":4},"end":{"line":59,"column":19}},"29":{"start":{"line":60,"column":4},"end":{"line":60,"column":19}},"30":{"start":{"line":64,"column":30},"end":{"line":67,"column":3}},"31":{"start":{"line":65,"column":4},"end":{"line":65,"column":27}},"32":{"start":{"line":66,"column":4},"end":{"line":66,"column":88}},"33":{"start":{"line":69,"column":21},"end":{"line":78,"column":1}},"34":{"start":{"line":71,"column":2},"end":{"line":71,"column":19}},"35":{"start":{"line":72,"column":2},"end":{"line":72,"column":19}},"36":{"start":{"line":73,"column":2},"end":{"line":73,"column":19}},"37":{"start":{"line":74,"column":2},"end":{"line":74,"column":23}},"38":{"start":{"line":75,"column":2},"end":{"line":75,"column":19}},"39":{"start":{"line":76,"column":2},"end":{"line":76,"column":19}},"40":{"start":{"line":77,"column":2},"end":{"line":77,"column":27}},"41":{"start":{"line":80,"column":2},"end":{"line":86,"column":53}},"42":{"start":{"line":81,"column":6},"end":{"line":85,"column":7}},"43":{"start":{"line":82,"column":10},"end":{"line":82,"column":44}},"44":{"start":{"line":83,"column":10},"end":{"line":84,"column":39}},"45":{"start":{"line":84,"column":14},"end":{"line":84,"column":39}},"46":{"start":{"line":88,"column":2},"end":{"line":155,"column":4}},"47":{"start":{"line":94,"column":37},"end":{"line":94,"column":56}},"48":{"start":{"line":96,"column":40},"end":{"line":96,"column":60}},"49":{"start":{"line":105,"column":58},"end":{"line":105,"column":73}},"50":{"start":{"line":108,"column":56},"end":{"line":108,"column":71}},"51":{"start":{"line":114,"column":51},"end":{"line":114,"column":80}},"52":{"start":{"line":118,"column":43},"end":{"line":131,"column":19}}},"fnMap":{"0":{"name":"(anonymous_0)","decl":{"start":{"line":10,"column":13},"end":{"line":10,"column":14}},"loc":{"start":{"line":10,"column":24},"end":{"line":156,"column":1}},"line":10},"1":{"name":"(anonymous_1)","decl":{"start":{"line":33,"column":23},"end":{"line":33,"column":24}},"loc":{"start":{"line":33,"column":34},"end":{"line":42,"column":3}},"line":33},"2":{"name":"(anonymous_2)","decl":{"start":{"line":44,"column":24},"end":{"line":44,"column":25}},"loc":{"start":{"line":44,"column":35},"end":{"line":55,"column":3}},"line":44},"3":{"name":"(anonymous_3)","decl":{"start":{"line":57,"column":24},"end":{"line":57,"column":25}},"loc":{"start":{"line":57,"column":30},"end":{"line":62,"column":3}},"line":57},"4":{"name":"(anonymous_4)","decl":{"start":{"line":64,"column":30},"end":{"line":64,"column":31}},"loc":{"start":{"line":64,"column":41},"end":{"line":67,"column":3}},"line":64},"5":{"name":"(anonymous_5)","decl":{"start":{"line":69,"column":21},"end":{"line":69,"column":22}},"loc":{"start":{"line":70,"column":0},"end":{"line":78,"column":1}},"line":70},"6":{"name":"(anonymous_6)","decl":{"start":{"line":80,"column":12},"end":{"line":80,"column":13}},"loc":{"start":{"line":80,"column":18},"end":{"line":86,"column":5}},"line":80},"7":{"name":"(anonymous_7)","decl":{"start":{"line":94,"column":28},"end":{"line":94,"column":29}},"loc":{"start":{"line":94,"column":37},"end":{"line":94,"column":56}},"line":94},"8":{"name":"(anonymous_8)","decl":{"start":{"line":96,"column":31},"end":{"line":96,"column":32}},"loc":{"start":{"line":96,"column":40},"end":{"line":96,"column":60}},"line":96},"9":{"name":"(anonymous_9)","decl":{"start":{"line":105,"column":52},"end":{"line":105,"column":53}},"loc":{"start":{"line":105,"column":58},"end":{"line":105,"column":73}},"line":105},"10":{"name":"(anonymous_10)","decl":{"start":{"line":108,"column":50},"end":{"line":108,"column":51}},"loc":{"start":{"line":108,"column":56},"end":{"line":108,"column":71}},"line":108},"11":{"name":"(anonymous_11)","decl":{"start":{"line":114,"column":32},"end":{"line":114,"column":33}},"loc":{"start":{"line":114,"column":51},"end":{"line":114,"column":80}},"line":114},"12":{"name":"(anonymous_12)","decl":{"start":{"line":118,"column":34},"end":{"line":118,"column":35}},"loc":{"start":{"line":118,"column":43},"end":{"line":131,"column":19}},"line":118}},"branchMap":{"0":{"loc":{"start":{"line":37,"column":6},"end":{"line":40,"column":43}},"type":"if","locations":[{"start":{"line":37,"column":6},"end":{"line":40,"column":43}},{"start":{"line":37,"column":6},"end":{"line":40,"column":43}}],"line":37},"1":{"loc":{"start":{"line":50,"column":6},"end":{"line":53,"column":43}},"type":"if","locations":[{"start":{"line":50,"column":6},"end":{"line":53,"column":43}},{"start":{"line":50,"column":6},"end":{"line":53,"column":43}}],"line":50},"2":{"loc":{"start":{"line":81,"column":6},"end":{"line":85,"column":7}},"type":"if","locations":[{"start":{"line":81,"column":6},"end":{"line":85,"column":7}},{"start":{"line":81,"column":6},"end":{"line":85,"column":7}}],"line":81},"3":{"loc":{"start":{"line":83,"column":10},"end":{"line":84,"column":39}},"type":"if","locations":[{"start":{"line":83,"column":10},"end":{"line":84,"column":39}},{"start":{"line":83,"column":10},"end":{"line":84,"column":39}}],"line":83},"4":{"loc":{"start":{"line":83,"column":14},"end":{"line":83,"column":54}},"type":"binary-expr","locations":[{"start":{"line":83,"column":14},"end":{"line":83,"column":33}},{"start":{"line":83,"column":37},"end":{"line":83,"column":54}}],"line":83},"5":{"loc":{"start":{"line":118,"column":13},"end":{"line":132,"column":13}},"type":"binary-expr","locations":[{"start":{"line":118,"column":13},"end":{"line":118,"column":17}},{"start":{"line":118,"column":22},"end":{"line":131,"column":20}}],"line":118},"6":{"loc":{"start":{"line":119,"column":86},"end":{"line":119,"column":172}},"type":"cond-expr","locations":[{"start":{"line":119,"column":112},"end":{"line":119,"column":121}},{"start":{"line":119,"column":124},"end":{"line":119,"column":172}}],"line":119},"7":{"loc":{"start":{"line":119,"column":124},"end":{"line":119,"column":172}},"type":"cond-expr","locations":[{"start":{"line":119,"column":152},"end":{"line":119,"column":161}},{"start":{"line":119,"column":163},"end":{"line":119,"column":172}}],"line":119}},"s":{"0":1,"1":6,"2":6,"3":6,"4":6,"5":6,"6":6,"7":6,"8":6,"9":6,"10":6,"11":6,"12":6,"13":6,"14":6,"15":6,"16":6,"17":0,"18":0,"19":0,"20":0,"21":6,"22":0,"23":0,"24":0,"25":0,"26":0,"27":6,"28":0,"29":0,"30":6,"31":0,"32":0,"33":6,"34":0,"35":0,"36":0,"37":0,"38":0,"39":0,"40":0,"41":6,"42":6,"43":4,"44":4,"45":2,"46":6,"47":0,"48":0,"49":0,"50":0,"51":48,"52":2},"f":{"0":6,"1":0,"2":0,"3":0,"4":0,"5":0,"6":6,"7":0,"8":0,"9":0,"10":0,"11":48,"12":2},"b":{"0":[0,0],"1":[0,0],"2":[4,2],"3":[2,2],"4":[4,2],"5":[6,4],"6":[2,0],"7":[0,0]},"_coverageSchema":"43e27e138ebf9cfc5966b082cf9a028302ed4184","hash":"9e3b7cfeca08cdc183a24a639a0df5860f3f76cd"}
,"/Users/josiahroa/Documents/Lambda School/BioBid/bio-bid-fe/bio-bid/src/components/bids/dash-sidebar.js": {"path":"/Users/josiahroa/Documents/Lambda School/BioBid/bio-bid-fe/bio-bid/src/components/bids/dash-sidebar.js","statementMap":{"0":{"start":{"line":25,"column":26},"end":{"line":25,"column":40}},"1":{"start":{"line":27,"column":4},"end":{"line":67,"column":6}},"2":{"start":{"line":32,"column":80},"end":{"line":32,"column":100}},"3":{"start":{"line":32,"column":101},"end":{"line":32,"column":116}},"4":{"start":{"line":34,"column":42},"end":{"line":34,"column":62}},"5":{"start":{"line":34,"column":63},"end":{"line":34,"column":78}},"6":{"start":{"line":36,"column":33},"end":{"line":36,"column":53}},"7":{"start":{"line":36,"column":54},"end":{"line":36,"column":69}}},"fnMap":{"0":{"name":"DashSidebar","decl":{"start":{"line":22,"column":9},"end":{"line":22,"column":20}},"loc":{"start":{"line":22,"column":28},"end":{"line":69,"column":1}},"line":22},"1":{"name":"(anonymous_1)","decl":{"start":{"line":32,"column":72},"end":{"line":32,"column":73}},"loc":{"start":{"line":32,"column":78},"end":{"line":32,"column":118}},"line":32},"2":{"name":"(anonymous_2)","decl":{"start":{"line":34,"column":34},"end":{"line":34,"column":35}},"loc":{"start":{"line":34,"column":40},"end":{"line":34,"column":80}},"line":34},"3":{"name":"(anonymous_3)","decl":{"start":{"line":36,"column":25},"end":{"line":36,"column":26}},"loc":{"start":{"line":36,"column":31},"end":{"line":36,"column":71}},"line":36}},"branchMap":{"0":{"loc":{"start":{"line":28,"column":46},"end":{"line":28,"column":82}},"type":"cond-expr","locations":[{"start":{"line":28,"column":58},"end":{"line":28,"column":77}},{"start":{"line":28,"column":80},"end":{"line":28,"column":82}}],"line":28},"1":{"loc":{"start":{"line":34,"column":104},"end":{"line":34,"column":136}},"type":"cond-expr","locations":[{"start":{"line":34,"column":116},"end":{"line":34,"column":131}},{"start":{"line":34,"column":134},"end":{"line":34,"column":136}}],"line":34},"2":{"loc":{"start":{"line":36,"column":100},"end":{"line":36,"column":137}},"type":"cond-expr","locations":[{"start":{"line":36,"column":112},"end":{"line":36,"column":132}},{"start":{"line":36,"column":135},"end":{"line":36,"column":137}}],"line":36},"3":{"loc":{"start":{"line":39,"column":104},"end":{"line":39,"column":146}},"type":"cond-expr","locations":[{"start":{"line":39,"column":116},"end":{"line":39,"column":141}},{"start":{"line":39,"column":144},"end":{"line":39,"column":146}}],"line":39},"4":{"loc":{"start":{"line":40,"column":54},"end":{"line":40,"column":92}},"type":"cond-expr","locations":[{"start":{"line":40,"column":66},"end":{"line":40,"column":87}},{"start":{"line":40,"column":90},"end":{"line":40,"column":92}}],"line":40}},"s":{"0":2,"1":2,"2":0,"3":0,"4":0,"5":0,"6":0,"7":0},"f":{"0":2,"1":0,"2":0,"3":0},"b":{"0":[2,0],"1":[2,0],"2":[2,0],"3":[2,0],"4":[2,0]},"_coverageSchema":"43e27e138ebf9cfc5966b082cf9a028302ed4184","hash":"93bfd7e64d949cfe6ded73f557f704c1c28ab788"}
,"/Users/josiahroa/Documents/Lambda School/BioBid/bio-bid-fe/bio-bid/src/components/bids/index.js": {"path":"/Users/josiahroa/Documents/Lambda School/BioBid/bio-bid-fe/bio-bid/src/components/bids/index.js","statementMap":{"0":{"start":{"line":14,"column":36},"end":{"line":14,"column":51}},"1":{"start":{"line":15,"column":36},"end":{"line":15,"column":51}},"2":{"start":{"line":17,"column":22},"end":{"line":17,"column":55}},"3":{"start":{"line":17,"column":30},"end":{"line":17,"column":53}},"4":{"start":{"line":18,"column":24},"end":{"line":18,"column":57}},"5":{"start":{"line":18,"column":32},"end":{"line":18,"column":55}},"6":{"start":{"line":20,"column":23},"end":{"line":22,"column":5}},"7":{"start":{"line":21,"column":8},"end":{"line":21,"column":28}},"8":{"start":{"line":24,"column":4},"end":{"line":33,"column":5}}},"fnMap":{"0":{"name":"(anonymous_0)","decl":{"start":{"line":13,"column":15},"end":{"line":13,"column":16}},"loc":{"start":{"line":13,"column":21},"end":{"line":35,"column":1}},"line":13},"1":{"name":"(anonymous_1)","decl":{"start":{"line":17,"column":22},"end":{"line":17,"column":23}},"loc":{"start":{"line":17,"column":28},"end":{"line":17,"column":55}},"line":17},"2":{"name":"(anonymous_2)","decl":{"start":{"line":18,"column":24},"end":{"line":18,"column":25}},"loc":{"start":{"line":18,"column":30},"end":{"line":18,"column":57}},"line":18},"3":{"name":"(anonymous_3)","decl":{"start":{"line":20,"column":23},"end":{"line":20,"column":24}},"loc":{"start":{"line":20,"column":35},"end":{"line":22,"column":5}},"line":20}},"branchMap":{"0":{"loc":{"start":{"line":27,"column":32},"end":{"line":27,"column":63}},"type":"cond-expr","locations":[{"start":{"line":27,"column":43},"end":{"line":27,"column":58}},{"start":{"line":27,"column":61},"end":{"line":27,"column":63}}],"line":27}},"s":{"0":2,"1":2,"2":2,"3":0,"4":2,"5":0,"6":2,"7":0,"8":2},"f":{"0":2,"1":0,"2":0,"3":0},"b":{"0":[0,2]},"_coverageSchema":"43e27e138ebf9cfc5966b082cf9a028302ed4184","hash":"628109cfca4ff619f824179f380e29c7c5943674"}
,"/Users/josiahroa/Documents/Lambda School/BioBid/bio-bid-fe/bio-bid/src/components/bids/new-sidebar.js": {"path":"/Users/josiahroa/Documents/Lambda School/BioBid/bio-bid-fe/bio-bid/src/components/bids/new-sidebar.js","statementMap":{"0":{"start":{"line":25,"column":38},"end":{"line":25,"column":52}},"1":{"start":{"line":27,"column":4},"end":{"line":66,"column":6}},"2":{"start":{"line":30,"column":92},"end":{"line":30,"column":116}},"3":{"start":{"line":31,"column":80},"end":{"line":31,"column":104}}},"fnMap":{"0":{"name":"DashSidebar","decl":{"start":{"line":22,"column":9},"end":{"line":22,"column":20}},"loc":{"start":{"line":22,"column":23},"end":{"line":68,"column":1}},"line":22},"1":{"name":"(anonymous_1)","decl":{"start":{"line":30,"column":86},"end":{"line":30,"column":87}},"loc":{"start":{"line":30,"column":92},"end":{"line":30,"column":116}},"line":30},"2":{"name":"(anonymous_2)","decl":{"start":{"line":31,"column":74},"end":{"line":31,"column":75}},"loc":{"start":{"line":31,"column":80},"end":{"line":31,"column":104}},"line":31}},"branchMap":{"0":{"loc":{"start":{"line":28,"column":46},"end":{"line":28,"column":82}},"type":"cond-expr","locations":[{"start":{"line":28,"column":58},"end":{"line":28,"column":77}},{"start":{"line":28,"column":80},"end":{"line":28,"column":82}}],"line":28},"1":{"loc":{"start":{"line":30,"column":18},"end":{"line":31,"column":108}},"type":"cond-expr","locations":[{"start":{"line":30,"column":30},"end":{"line":30,"column":121}},{"start":{"line":31,"column":16},"end":{"line":31,"column":108}}],"line":30},"2":{"loc":{"start":{"line":33,"column":45},"end":{"line":33,"column":77}},"type":"cond-expr","locations":[{"start":{"line":33,"column":57},"end":{"line":33,"column":72}},{"start":{"line":33,"column":75},"end":{"line":33,"column":77}}],"line":33},"3":{"loc":{"start":{"line":35,"column":41},"end":{"line":35,"column":78}},"type":"cond-expr","locations":[{"start":{"line":35,"column":53},"end":{"line":35,"column":73}},{"start":{"line":35,"column":76},"end":{"line":35,"column":78}}],"line":35},"4":{"loc":{"start":{"line":38,"column":104},"end":{"line":38,"column":146}},"type":"cond-expr","locations":[{"start":{"line":38,"column":116},"end":{"line":38,"column":141}},{"start":{"line":38,"column":144},"end":{"line":38,"column":146}}],"line":38},"5":{"loc":{"start":{"line":39,"column":54},"end":{"line":39,"column":92}},"type":"cond-expr","locations":[{"start":{"line":39,"column":66},"end":{"line":39,"column":87}},{"start":{"line":39,"column":90},"end":{"line":39,"column":92}}],"line":39},"6":{"loc":{"start":{"line":42,"column":65},"end":{"line":42,"column":103}},"type":"cond-expr","locations":[{"start":{"line":42,"column":77},"end":{"line":42,"column":98}},{"start":{"line":42,"column":101},"end":{"line":42,"column":103}}],"line":42},"7":{"loc":{"start":{"line":43,"column":54},"end":{"line":43,"column":92}},"type":"cond-expr","locations":[{"start":{"line":43,"column":66},"end":{"line":43,"column":87}},{"start":{"line":43,"column":90},"end":{"line":43,"column":92}}],"line":43},"8":{"loc":{"start":{"line":46,"column":72},"end":{"line":46,"column":110}},"type":"cond-expr","locations":[{"start":{"line":46,"column":84},"end":{"line":46,"column":105}},{"start":{"line":46,"column":108},"end":{"line":46,"column":110}}],"line":46},"9":{"loc":{"start":{"line":47,"column":54},"end":{"line":47,"column":92}},"type":"cond-expr","locations":[{"start":{"line":47,"column":66},"end":{"line":47,"column":87}},{"start":{"line":47,"column":90},"end":{"line":47,"column":92}}],"line":47},"10":{"loc":{"start":{"line":50,"column":70},"end":{"line":50,"column":108}},"type":"cond-expr","locations":[{"start":{"line":50,"column":82},"end":{"line":50,"column":103}},{"start":{"line":50,"column":106},"end":{"line":50,"column":108}}],"line":50},"11":{"loc":{"start":{"line":51,"column":54},"end":{"line":51,"column":92}},"type":"cond-expr","locations":[{"start":{"line":51,"column":66},"end":{"line":51,"column":87}},{"start":{"line":51,"column":90},"end":{"line":51,"column":92}}],"line":51},"12":{"loc":{"start":{"line":54,"column":64},"end":{"line":54,"column":102}},"type":"cond-expr","locations":[{"start":{"line":54,"column":76},"end":{"line":54,"column":97}},{"start":{"line":54,"column":100},"end":{"line":54,"column":102}}],"line":54},"13":{"loc":{"start":{"line":55,"column":54},"end":{"line":55,"column":92}},"type":"cond-expr","locations":[{"start":{"line":55,"column":66},"end":{"line":55,"column":87}},{"start":{"line":55,"column":90},"end":{"line":55,"column":92}}],"line":55},"14":{"loc":{"start":{"line":59,"column":71},"end":{"line":59,"column":109}},"type":"cond-expr","locations":[{"start":{"line":59,"column":83},"end":{"line":59,"column":104}},{"start":{"line":59,"column":107},"end":{"line":59,"column":109}}],"line":59},"15":{"loc":{"start":{"line":60,"column":54},"end":{"line":60,"column":92}},"type":"cond-expr","locations":[{"start":{"line":60,"column":66},"end":{"line":60,"column":87}},{"start":{"line":60,"column":90},"end":{"line":60,"column":92}}],"line":60}},"s":{"0":0,"1":0,"2":0,"3":0},"f":{"0":0,"1":0,"2":0},"b":{"0":[0,0],"1":[0,0],"2":[0,0],"3":[0,0],"4":[0,0],"5":[0,0],"6":[0,0],"7":[0,0],"8":[0,0],"9":[0,0],"10":[0,0],"11":[0,0],"12":[0,0],"13":[0,0],"14":[0,0],"15":[0,0]},"hash":"dc546de810c384eaf11a87c3ce14df654809ad73"}
,"/Users/josiahroa/Documents/Lambda School/BioBid/bio-bid-fe/bio-bid/src/components/bids/open-dash.js": {"path":"/Users/josiahroa/Documents/Lambda School/BioBid/bio-bid-fe/bio-bid/src/components/bids/open-dash.js","statementMap":{"0":{"start":{"line":25,"column":26},"end":{"line":25,"column":40}},"1":{"start":{"line":27,"column":4},"end":{"line":66,"column":6}},"2":{"start":{"line":30,"column":82},"end":{"line":30,"column":103}},"3":{"start":{"line":30,"column":104},"end":{"line":30,"column":119}}},"fnMap":{"0":{"name":"OpenDash","decl":{"start":{"line":22,"column":9},"end":{"line":22,"column":17}},"loc":{"start":{"line":22,"column":25},"end":{"line":68,"column":1}},"line":22},"1":{"name":"(anonymous_1)","decl":{"start":{"line":30,"column":74},"end":{"line":30,"column":75}},"loc":{"start":{"line":30,"column":80},"end":{"line":30,"column":121}},"line":30}},"branchMap":{"0":{"loc":{"start":{"line":28,"column":53},"end":{"line":28,"column":103}},"type":"cond-expr","locations":[{"start":{"line":28,"column":70},"end":{"line":28,"column":84}},{"start":{"line":28,"column":87},"end":{"line":28,"column":103}}],"line":28},"1":{"loc":{"start":{"line":32,"column":45},"end":{"line":32,"column":77}},"type":"cond-expr","locations":[{"start":{"line":32,"column":57},"end":{"line":32,"column":72}},{"start":{"line":32,"column":75},"end":{"line":32,"column":77}}],"line":32},"2":{"loc":{"start":{"line":38,"column":104},"end":{"line":38,"column":146}},"type":"cond-expr","locations":[{"start":{"line":38,"column":116},"end":{"line":38,"column":141}},{"start":{"line":38,"column":144},"end":{"line":38,"column":146}}],"line":38}},"s":{"0":2,"1":2,"2":0,"3":0},"f":{"0":2,"1":0},"b":{"0":[0,2],"1":[2,0],"2":[2,0]},"_coverageSchema":"43e27e138ebf9cfc5966b082cf9a028302ed4184","hash":"6c55e5a8541fc50c90c75acefb65d5b0c41e3b06"}
,"/Users/josiahroa/Documents/Lambda School/BioBid/bio-bid-fe/bio-bid/src/components/bids/styles/styled-componets.js": {"path":"/Users/josiahroa/Documents/Lambda School/BioBid/bio-bid-fe/bio-bid/src/components/bids/styles/styled-componets.js","statementMap":{"0":{"start":{"line":3,"column":26},"end":{"line":6,"column":1}},"1":{"start":{"line":8,"column":24},"end":{"line":13,"column":1}}},"fnMap":{},"branchMap":{},"s":{"0":1,"1":1},"f":{},"b":{},"_coverageSchema":"43e27e138ebf9cfc5966b082cf9a028302ed4184","hash":"5aba9cf3e2eea3775fe80c55d4ca319cfcc1ddc9"}
,"/Users/josiahroa/Documents/Lambda School/BioBid/bio-bid-fe/bio-bid/src/components/company-profile/Details/Bubble.js": {"path":"/Users/josiahroa/Documents/Lambda School/BioBid/bio-bid-fe/bio-bid/src/components/company-profile/Details/Bubble.js","statementMap":{"0":{"start":{"line":5,"column":15},"end":{"line":18,"column":1}},"1":{"start":{"line":21,"column":4},"end":{"line":25,"column":5}}},"fnMap":{"0":{"name":"(anonymous_0)","decl":{"start":{"line":20,"column":15},"end":{"line":20,"column":16}},"loc":{"start":{"line":20,"column":30},"end":{"line":26,"column":1}},"line":20}},"branchMap":{},"s":{"0":0,"1":0},"f":{"0":0},"b":{},"hash":"08f66b593053080387a78f3b7328cacf00a54faa"}
,"/Users/josiahroa/Documents/Lambda School/BioBid/bio-bid-fe/bio-bid/src/components/company-profile/Details/Details.js": {"path":"/Users/josiahroa/Documents/Lambda School/BioBid/bio-bid-fe/bio-bid/src/components/company-profile/Details/Details.js","statementMap":{"0":{"start":{"line":18,"column":18},"end":{"line":23,"column":3}},"1":{"start":{"line":18,"column":41},"end":{"line":23,"column":1}},"2":{"start":{"line":26,"column":18},"end":{"line":26,"column":29}},"3":{"start":{"line":27,"column":17},"end":{"line":27,"column":28}},"4":{"start":{"line":28,"column":18},"end":{"line":28,"column":30}},"5":{"start":{"line":30,"column":28},"end":{"line":30,"column":47}},"6":{"start":{"line":32,"column":37},"end":{"line":34,"column":4}},"7":{"start":{"line":36,"column":28},"end":{"line":36,"column":55}},"8":{"start":{"line":38,"column":23},"end":{"line":46,"column":3}},"9":{"start":{"line":39,"column":4},"end":{"line":45,"column":5}},"10":{"start":{"line":40,"column":6},"end":{"line":40,"column":49}},"11":{"start":{"line":41,"column":6},"end":{"line":41,"column":41}},"12":{"start":{"line":44,"column":6},"end":{"line":44,"column":23}},"13":{"start":{"line":48,"column":2},"end":{"line":83,"column":24}},"14":{"start":{"line":49,"column":4},"end":{"line":49,"column":14}},"15":{"start":{"line":50,"column":4},"end":{"line":82,"column":5}},"16":{"start":{"line":51,"column":6},"end":{"line":81,"column":7}},"17":{"start":{"line":53,"column":10},"end":{"line":53,"column":35}},"18":{"start":{"line":54,"column":10},"end":{"line":54,"column":16}},"19":{"start":{"line":56,"column":10},"end":{"line":56,"column":36}},"20":{"start":{"line":57,"column":10},"end":{"line":57,"column":16}},"21":{"start":{"line":59,"column":10},"end":{"line":59,"column":37}},"22":{"start":{"line":60,"column":10},"end":{"line":60,"column":16}},"23":{"start":{"line":62,"column":10},"end":{"line":62,"column":38}},"24":{"start":{"line":63,"column":10},"end":{"line":63,"column":16}},"25":{"start":{"line":65,"column":10},"end":{"line":65,"column":39}},"26":{"start":{"line":66,"column":10},"end":{"line":66,"column":16}},"27":{"start":{"line":68,"column":8},"end":{"line":68,"column":39}},"28":{"start":{"line":69,"column":10},"end":{"line":69,"column":16}},"29":{"start":{"line":71,"column":10},"end":{"line":71,"column":43}},"30":{"start":{"line":72,"column":10},"end":{"line":72,"column":16}},"31":{"start":{"line":74,"column":10},"end":{"line":74,"column":44}},"32":{"start":{"line":75,"column":10},"end":{"line":75,"column":16}},"33":{"start":{"line":77,"column":10},"end":{"line":77,"column":39}},"34":{"start":{"line":78,"column":10},"end":{"line":78,"column":16}},"35":{"start":{"line":80,"column":10},"end":{"line":80,"column":24}},"36":{"start":{"line":85,"column":2},"end":{"line":196,"column":4}},"37":{"start":{"line":174,"column":20},"end":{"line":174,"column":78}},"38":{"start":{"line":181,"column":18},"end":{"line":181,"column":81}}},"fnMap":{"0":{"name":"(anonymous_0)","decl":{"start":{"line":18,"column":29},"end":{"line":18,"column":30}},"loc":{"start":{"line":18,"column":41},"end":{"line":23,"column":1}},"line":18},"1":{"name":"(anonymous_1)","decl":{"start":{"line":25,"column":15},"end":{"line":25,"column":16}},"loc":{"start":{"line":25,"column":21},"end":{"line":197,"column":1}},"line":25},"2":{"name":"(anonymous_2)","decl":{"start":{"line":38,"column":23},"end":{"line":38,"column":24}},"loc":{"start":{"line":38,"column":35},"end":{"line":46,"column":3}},"line":38},"3":{"name":"(anonymous_3)","decl":{"start":{"line":48,"column":12},"end":{"line":48,"column":13}},"loc":{"start":{"line":48,"column":18},"end":{"line":83,"column":3}},"line":48},"4":{"name":"(anonymous_4)","decl":{"start":{"line":173,"column":44},"end":{"line":173,"column":45}},"loc":{"start":{"line":173,"column":54},"end":{"line":175,"column":19}},"line":173},"5":{"name":"(anonymous_5)","decl":{"start":{"line":180,"column":47},"end":{"line":180,"column":48}},"loc":{"start":{"line":180,"column":62},"end":{"line":182,"column":17}},"line":180}},"branchMap":{"0":{"loc":{"start":{"line":50,"column":4},"end":{"line":82,"column":5}},"type":"if","locations":[{"start":{"line":50,"column":4},"end":{"line":82,"column":5}},{"start":{"line":50,"column":4},"end":{"line":82,"column":5}}],"line":50},"1":{"loc":{"start":{"line":50,"column":7},"end":{"line":50,"column":39}},"type":"binary-expr","locations":[{"start":{"line":50,"column":7},"end":{"line":50,"column":11}},{"start":{"line":50,"column":15},"end":{"line":50,"column":39}}],"line":50},"2":{"loc":{"start":{"line":51,"column":6},"end":{"line":81,"column":7}},"type":"switch","locations":[{"start":{"line":52,"column":8},"end":{"line":54,"column":16}},{"start":{"line":55,"column":8},"end":{"line":57,"column":16}},{"start":{"line":58,"column":8},"end":{"line":60,"column":16}},{"start":{"line":61,"column":8},"end":{"line":63,"column":16}},{"start":{"line":64,"column":8},"end":{"line":66,"column":16}},{"start":{"line":67,"column":8},"end":{"line":69,"column":16}},{"start":{"line":70,"column":8},"end":{"line":72,"column":16}},{"start":{"line":73,"column":8},"end":{"line":75,"column":16}},{"start":{"line":76,"column":8},"end":{"line":78,"column":16}},{"start":{"line":79,"column":8},"end":{"line":80,"column":24}}],"line":51},"3":{"loc":{"start":{"line":87,"column":7},"end":{"line":91,"column":7}},"type":"binary-expr","locations":[{"start":{"line":87,"column":7},"end":{"line":87,"column":14}},{"start":{"line":88,"column":8},"end":{"line":90,"column":17}}],"line":87},"4":{"loc":{"start":{"line":92,"column":7},"end":{"line":119,"column":7}},"type":"binary-expr","locations":[{"start":{"line":92,"column":7},"end":{"line":92,"column":11}},{"start":{"line":93,"column":8},"end":{"line":118,"column":17}}],"line":92},"5":{"loc":{"start":{"line":120,"column":7},"end":{"line":194,"column":7}},"type":"binary-expr","locations":[{"start":{"line":120,"column":7},"end":{"line":120,"column":11}},{"start":{"line":121,"column":8},"end":{"line":193,"column":14}}],"line":120},"6":{"loc":{"start":{"line":124,"column":15},"end":{"line":128,"column":15}},"type":"cond-expr","locations":[{"start":{"line":125,"column":16},"end":{"line":125,"column":68}},{"start":{"line":127,"column":16},"end":{"line":127,"column":60}}],"line":124},"7":{"loc":{"start":{"line":132,"column":21},"end":{"line":140,"column":21}},"type":"cond-expr","locations":[{"start":{"line":133,"column":22},"end":{"line":137,"column":26}},{"start":{"line":139,"column":22},"end":{"line":139,"column":32}}],"line":132},"8":{"loc":{"start":{"line":144,"column":19},"end":{"line":152,"column":19}},"type":"cond-expr","locations":[{"start":{"line":145,"column":20},"end":{"line":149,"column":24}},{"start":{"line":151,"column":20},"end":{"line":151,"column":30}}],"line":144},"9":{"loc":{"start":{"line":158,"column":22},"end":{"line":158,"column":41}},"type":"cond-expr","locations":[{"start":{"line":158,"column":29},"end":{"line":158,"column":33}},{"start":{"line":158,"column":36},"end":{"line":158,"column":41}}],"line":158},"10":{"loc":{"start":{"line":162,"column":22},"end":{"line":162,"column":83}},"type":"cond-expr","locations":[{"start":{"line":162,"column":50},"end":{"line":162,"column":75}},{"start":{"line":162,"column":78},"end":{"line":162,"column":83}}],"line":162},"11":{"loc":{"start":{"line":167,"column":20},"end":{"line":167,"column":73}},"type":"cond-expr","locations":[{"start":{"line":167,"column":44},"end":{"line":167,"column":65}},{"start":{"line":167,"column":68},"end":{"line":167,"column":73}}],"line":167}},"s":{"0":0,"1":0,"2":0,"3":0,"4":0,"5":0,"6":0,"7":0,"8":0,"9":0,"10":0,"11":0,"12":0,"13":0,"14":0,"15":0,"16":0,"17":0,"18":0,"19":0,"20":0,"21":0,"22":0,"23":0,"24":0,"25":0,"26":0,"27":0,"28":0,"29":0,"30":0,"31":0,"32":0,"33":0,"34":0,"35":0,"36":0,"37":0,"38":0},"f":{"0":0,"1":0,"2":0,"3":0,"4":0,"5":0},"b":{"0":[0,0],"1":[0,0],"2":[0,0,0,0,0,0,0,0,0,0],"3":[0,0],"4":[0,0],"5":[0,0],"6":[0,0],"7":[0,0],"8":[0,0],"9":[0,0],"10":[0,0],"11":[0,0]},"hash":"a43dc1841aa37b32c8dd8d6a138b730bf1a31f49"}
,"/Users/josiahroa/Documents/Lambda School/BioBid/bio-bid-fe/bio-bid/src/components/company-profile/Details/styles.js": {"path":"/Users/josiahroa/Documents/Lambda School/BioBid/bio-bid-fe/bio-bid/src/components/company-profile/Details/styles.js","statementMap":{"0":{"start":{"line":8,"column":23},"end":{"line":143,"column":1}},"1":{"start":{"line":145,"column":20},"end":{"line":154,"column":1}},"2":{"start":{"line":146,"column":4},"end":{"line":153,"column":5}},"3":{"start":{"line":148,"column":12},"end":{"line":148,"column":42}},"4":{"start":{"line":150,"column":12},"end":{"line":150,"column":39}},"5":{"start":{"line":152,"column":12},"end":{"line":152,"column":42}},"6":{"start":{"line":156,"column":22},"end":{"line":175,"column":1}},"7":{"start":{"line":157,"column":22},"end":{"line":157,"column":50}},"8":{"start":{"line":164,"column":33},"end":{"line":164,"column":57}},"9":{"start":{"line":165,"column":33},"end":{"line":165,"column":57}},"10":{"start":{"line":170,"column":26},"end":{"line":170,"column":89}},"11":{"start":{"line":177,"column":23},"end":{"line":181,"column":1}},"12":{"start":{"line":183,"column":24},"end":{"line":187,"column":1}},"13":{"start":{"line":189,"column":20},"end":{"line":193,"column":1}},"14":{"start":{"line":195,"column":24},"end":{"line":199,"column":1}}},"fnMap":{"0":{"name":"(anonymous_0)","decl":{"start":{"line":145,"column":20},"end":{"line":145,"column":21}},"loc":{"start":{"line":145,"column":29},"end":{"line":154,"column":1}},"line":145},"1":{"name":"(anonymous_1)","decl":{"start":{"line":157,"column":13},"end":{"line":157,"column":14}},"loc":{"start":{"line":157,"column":22},"end":{"line":157,"column":50}},"line":157},"2":{"name":"(anonymous_2)","decl":{"start":{"line":164,"column":24},"end":{"line":164,"column":25}},"loc":{"start":{"line":164,"column":33},"end":{"line":164,"column":57}},"line":164},"3":{"name":"(anonymous_3)","decl":{"start":{"line":165,"column":24},"end":{"line":165,"column":25}},"loc":{"start":{"line":165,"column":33},"end":{"line":165,"column":57}},"line":165},"4":{"name":"(anonymous_4)","decl":{"start":{"line":170,"column":17},"end":{"line":170,"column":18}},"loc":{"start":{"line":170,"column":26},"end":{"line":170,"column":89}},"line":170}},"branchMap":{"0":{"loc":{"start":{"line":146,"column":4},"end":{"line":153,"column":5}},"type":"switch","locations":[{"start":{"line":147,"column":8},"end":{"line":148,"column":42}},{"start":{"line":149,"column":8},"end":{"line":150,"column":39}},{"start":{"line":151,"column":8},"end":{"line":152,"column":42}}],"line":146},"1":{"loc":{"start":{"line":157,"column":22},"end":{"line":157,"column":50}},"type":"cond-expr","locations":[{"start":{"line":157,"column":33},"end":{"line":157,"column":40}},{"start":{"line":157,"column":43},"end":{"line":157,"column":50}}],"line":157},"2":{"loc":{"start":{"line":170,"column":26},"end":{"line":170,"column":89}},"type":"cond-expr","locations":[{"start":{"line":170,"column":40},"end":{"line":170,"column":62}},{"start":{"line":170,"column":65},"end":{"line":170,"column":89}}],"line":170}},"s":{"0":0,"1":0,"2":0,"3":0,"4":0,"5":0,"6":0,"7":0,"8":0,"9":0,"10":0,"11":0,"12":0,"13":0,"14":0},"f":{"0":0,"1":0,"2":0,"3":0,"4":0},"b":{"0":[0,0,0],"1":[0,0],"2":[0,0]},"hash":"2ed8aee9f08111e92cf0db00f85e995854d1de67"}
,"/Users/josiahroa/Documents/Lambda School/BioBid/bio-bid-fe/bio-bid/src/components/company-profile/Form/Form.js": {"path":"/Users/josiahroa/Documents/Lambda School/BioBid/bio-bid-fe/bio-bid/src/components/company-profile/Form/Form.js","statementMap":{"0":{"start":{"line":18,"column":18},"end":{"line":23,"column":5}},"1":{"start":{"line":18,"column":41},"end":{"line":23,"column":3}},"2":{"start":{"line":27,"column":19},"end":{"line":27,"column":30}},"3":{"start":{"line":29,"column":20},"end":{"line":29,"column":31}},"4":{"start":{"line":30,"column":20},"end":{"line":30,"column":32}},"5":{"start":{"line":46,"column":30},"end":{"line":46,"column":45}},"6":{"start":{"line":47,"column":48},"end":{"line":47,"column":63}},"7":{"start":{"line":48,"column":47},"end":{"line":48,"column":62}},"8":{"start":{"line":49,"column":37},"end":{"line":49,"column":51}},"9":{"start":{"line":50,"column":44},"end":{"line":50,"column":59}},"10":{"start":{"line":51,"column":52},"end":{"line":51,"column":64}},"11":{"start":{"line":52,"column":48},"end":{"line":52,"column":63}},"12":{"start":{"line":53,"column":30},"end":{"line":53,"column":51}},"13":{"start":{"line":54,"column":36},"end":{"line":54,"column":50}},"14":{"start":{"line":55,"column":46},"end":{"line":55,"column":60}},"15":{"start":{"line":56,"column":38},"end":{"line":56,"column":52}},"16":{"start":{"line":57,"column":44},"end":{"line":57,"column":58}},"17":{"start":{"line":58,"column":32},"end":{"line":58,"column":46}},"18":{"start":{"line":59,"column":42},"end":{"line":59,"column":57}},"19":{"start":{"line":74,"column":80},"end":{"line":77,"column":6}},"20":{"start":{"line":79,"column":55},"end":{"line":79,"column":76}},"21":{"start":{"line":80,"column":65},"end":{"line":80,"column":91}},"22":{"start":{"line":81,"column":56},"end":{"line":81,"column":78}},"23":{"start":{"line":82,"column":63},"end":{"line":82,"column":88}},"24":{"start":{"line":84,"column":27},"end":{"line":88,"column":6}},"25":{"start":{"line":86,"column":12},"end":{"line":86,"column":51}},"26":{"start":{"line":90,"column":28},"end":{"line":90,"column":53}},"27":{"start":{"line":98,"column":38},"end":{"line":110,"column":6}},"28":{"start":{"line":117,"column":32},"end":{"line":122,"column":5}},"29":{"start":{"line":118,"column":8},"end":{"line":121,"column":9}},"30":{"start":{"line":119,"column":12},"end":{"line":119,"column":35}},"31":{"start":{"line":120,"column":12},"end":{"line":120,"column":26}},"32":{"start":{"line":124,"column":32},"end":{"line":126,"column":5}},"33":{"start":{"line":125,"column":8},"end":{"line":125,"column":22}},"34":{"start":{"line":128,"column":31},"end":{"line":131,"column":5}},"35":{"start":{"line":129,"column":8},"end":{"line":129,"column":32}},"36":{"start":{"line":130,"column":8},"end":{"line":130,"column":23}},"37":{"start":{"line":133,"column":25},"end":{"line":138,"column":5}},"38":{"start":{"line":134,"column":8},"end":{"line":137,"column":10}},"39":{"start":{"line":140,"column":30},"end":{"line":147,"column":5}},"40":{"start":{"line":141,"column":8},"end":{"line":146,"column":10}},"41":{"start":{"line":144,"column":16},"end":{"line":144,"column":38}},"42":{"start":{"line":156,"column":25},"end":{"line":225,"column":5}},"43":{"start":{"line":157,"column":8},"end":{"line":157,"column":27}},"44":{"start":{"line":158,"column":8},"end":{"line":224,"column":9}},"45":{"start":{"line":159,"column":12},"end":{"line":191,"column":13}},"46":{"start":{"line":160,"column":16},"end":{"line":160,"column":37}},"47":{"start":{"line":161,"column":16},"end":{"line":161,"column":75}},"48":{"start":{"line":162,"column":16},"end":{"line":162,"column":38}},"49":{"start":{"line":164,"column":16},"end":{"line":164,"column":38}},"50":{"start":{"line":165,"column":16},"end":{"line":165,"column":39}},"51":{"start":{"line":166,"column":16},"end":{"line":166,"column":36}},"52":{"start":{"line":167,"column":16},"end":{"line":190,"column":17}},"53":{"start":{"line":168,"column":20},"end":{"line":181,"column":24}},"54":{"start":{"line":182,"column":20},"end":{"line":182,"column":41}},"55":{"start":{"line":183,"column":20},"end":{"line":183,"column":43}},"56":{"start":{"line":186,"column":20},"end":{"line":186,"column":39}},"57":{"start":{"line":187,"column":20},"end":{"line":187,"column":41}},"58":{"start":{"line":188,"column":20},"end":{"line":188,"column":41}},"59":{"start":{"line":189,"column":20},"end":{"line":189,"column":74}},"60":{"start":{"line":193,"column":12},"end":{"line":223,"column":13}},"61":{"start":{"line":194,"column":16},"end":{"line":194,"column":37}},"62":{"start":{"line":195,"column":16},"end":{"line":195,"column":75}},"63":{"start":{"line":196,"column":16},"end":{"line":196,"column":38}},"64":{"start":{"line":198,"column":16},"end":{"line":198,"column":38}},"65":{"start":{"line":199,"column":16},"end":{"line":199,"column":39}},"66":{"start":{"line":200,"column":16},"end":{"line":200,"column":36}},"67":{"start":{"line":201,"column":16},"end":{"line":222,"column":17}},"68":{"start":{"line":202,"column":20},"end":{"line":214,"column":24}},"69":{"start":{"line":215,"column":20},"end":{"line":215,"column":41}},"70":{"start":{"line":218,"column":20},"end":{"line":218,"column":39}},"71":{"start":{"line":219,"column":20},"end":{"line":219,"column":41}},"72":{"start":{"line":220,"column":20},"end":{"line":220,"column":41}},"73":{"start":{"line":221,"column":20},"end":{"line":221,"column":74}},"74":{"start":{"line":227,"column":27},"end":{"line":233,"column":5}},"75":{"start":{"line":228,"column":8},"end":{"line":232,"column":9}},"76":{"start":{"line":229,"column":12},"end":{"line":229,"column":53}},"77":{"start":{"line":231,"column":12},"end":{"line":231,"column":46}},"78":{"start":{"line":235,"column":24},"end":{"line":239,"column":5}},"79":{"start":{"line":236,"column":22},"end":{"line":236,"column":452}},"80":{"start":{"line":237,"column":8},"end":{"line":237,"column":40}},"81":{"start":{"line":237,"column":28},"end":{"line":237,"column":40}},"82":{"start":{"line":238,"column":8},"end":{"line":238,"column":21}},"83":{"start":{"line":246,"column":4},"end":{"line":259,"column":29}},"84":{"start":{"line":247,"column":8},"end":{"line":258,"column":9}},"85":{"start":{"line":248,"column":12},"end":{"line":248,"column":36}},"86":{"start":{"line":249,"column":12},"end":{"line":249,"column":28}},"87":{"start":{"line":251,"column":12},"end":{"line":257,"column":13}},"88":{"start":{"line":252,"column":16},"end":{"line":252,"column":39}},"89":{"start":{"line":253,"column":16},"end":{"line":253,"column":62}},"90":{"start":{"line":255,"column":16},"end":{"line":255,"column":40}},"91":{"start":{"line":256,"column":16},"end":{"line":256,"column":32}},"92":{"start":{"line":267,"column":4},"end":{"line":295,"column":49}},"93":{"start":{"line":268,"column":8},"end":{"line":294,"column":9}},"94":{"start":{"line":269,"column":12},"end":{"line":289,"column":13}},"95":{"start":{"line":270,"column":16},"end":{"line":270,"column":39}},"96":{"start":{"line":271,"column":16},"end":{"line":271,"column":38}},"97":{"start":{"line":272,"column":38},"end":{"line":272,"column":104}},"98":{"start":{"line":272,"column":81},"end":{"line":272,"column":102}},"99":{"start":{"line":273,"column":43},"end":{"line":273,"column":124}},"100":{"start":{"line":273,"column":96},"end":{"line":273,"column":122}},"101":{"start":{"line":274,"column":39},"end":{"line":274,"column":108}},"102":{"start":{"line":274,"column":84},"end":{"line":274,"column":106}},"103":{"start":{"line":275,"column":42},"end":{"line":275,"column":118}},"104":{"start":{"line":275,"column":92},"end":{"line":275,"column":116}},"105":{"start":{"line":276,"column":16},"end":{"line":288,"column":18}},"106":{"start":{"line":290,"column":12},"end":{"line":293,"column":13}},"107":{"start":{"line":291,"column":16},"end":{"line":291,"column":37}},"108":{"start":{"line":292,"column":16},"end":{"line":292,"column":75}},"109":{"start":{"line":304,"column":4},"end":{"line":336,"column":139}},"110":{"start":{"line":305,"column":8},"end":{"line":308,"column":9}},"111":{"start":{"line":306,"column":31},"end":{"line":306,"column":89}},"112":{"start":{"line":306,"column":66},"end":{"line":306,"column":87}},"113":{"start":{"line":307,"column":12},"end":{"line":307,"column":35}},"114":{"start":{"line":309,"column":8},"end":{"line":311,"column":9}},"115":{"start":{"line":310,"column":12},"end":{"line":310,"column":38}},"116":{"start":{"line":313,"column":8},"end":{"line":316,"column":9}},"117":{"start":{"line":314,"column":31},"end":{"line":314,"column":109}},"118":{"start":{"line":314,"column":81},"end":{"line":314,"column":107}},"119":{"start":{"line":315,"column":12},"end":{"line":315,"column":40}},"120":{"start":{"line":317,"column":8},"end":{"line":319,"column":9}},"121":{"start":{"line":318,"column":12},"end":{"line":318,"column":43}},"122":{"start":{"line":321,"column":8},"end":{"line":324,"column":9}},"123":{"start":{"line":322,"column":31},"end":{"line":322,"column":93}},"124":{"start":{"line":322,"column":69},"end":{"line":322,"column":91}},"125":{"start":{"line":323,"column":12},"end":{"line":323,"column":36}},"126":{"start":{"line":325,"column":8},"end":{"line":327,"column":9}},"127":{"start":{"line":326,"column":12},"end":{"line":326,"column":39}},"128":{"start":{"line":329,"column":8},"end":{"line":332,"column":9}},"129":{"start":{"line":330,"column":31},"end":{"line":330,"column":103}},"130":{"start":{"line":330,"column":77},"end":{"line":330,"column":101}},"131":{"start":{"line":331,"column":12},"end":{"line":331,"column":39}},"132":{"start":{"line":333,"column":8},"end":{"line":335,"column":9}},"133":{"start":{"line":334,"column":12},"end":{"line":334,"column":42}},"134":{"start":{"line":342,"column":4},"end":{"line":346,"column":29}},"135":{"start":{"line":343,"column":8},"end":{"line":345,"column":9}},"136":{"start":{"line":344,"column":12},"end":{"line":344,"column":38}},"137":{"start":{"line":352,"column":4},"end":{"line":356,"column":50}},"138":{"start":{"line":353,"column":8},"end":{"line":355,"column":9}},"139":{"start":{"line":354,"column":12},"end":{"line":354,"column":55}},"140":{"start":{"line":358,"column":4},"end":{"line":364,"column":26}},"141":{"start":{"line":359,"column":8},"end":{"line":363,"column":9}},"142":{"start":{"line":360,"column":12},"end":{"line":362,"column":20}},"143":{"start":{"line":361,"column":16},"end":{"line":361,"column":40}},"144":{"start":{"line":366,"column":4},"end":{"line":541,"column":6}}},"fnMap":{"0":{"name":"(anonymous_0)","decl":{"start":{"line":18,"column":29},"end":{"line":18,"column":30}},"loc":{"start":{"line":18,"column":41},"end":{"line":23,"column":3}},"line":18},"1":{"name":"(anonymous_1)","decl":{"start":{"line":25,"column":15},"end":{"line":25,"column":16}},"loc":{"start":{"line":25,"column":26},"end":{"line":542,"column":1}},"line":25},"2":{"name":"(anonymous_2)","decl":{"start":{"line":85,"column":16},"end":{"line":85,"column":17}},"loc":{"start":{"line":85,"column":35},"end":{"line":87,"column":9}},"line":85},"3":{"name":"(anonymous_3)","decl":{"start":{"line":117,"column":32},"end":{"line":117,"column":33}},"loc":{"start":{"line":117,"column":38},"end":{"line":122,"column":5}},"line":117},"4":{"name":"(anonymous_4)","decl":{"start":{"line":124,"column":32},"end":{"line":124,"column":33}},"loc":{"start":{"line":124,"column":38},"end":{"line":126,"column":5}},"line":124},"5":{"name":"(anonymous_5)","decl":{"start":{"line":128,"column":31},"end":{"line":128,"column":32}},"loc":{"start":{"line":128,"column":37},"end":{"line":131,"column":5}},"line":128},"6":{"name":"(anonymous_6)","decl":{"start":{"line":133,"column":25},"end":{"line":133,"column":26}},"loc":{"start":{"line":133,"column":30},"end":{"line":138,"column":5}},"line":133},"7":{"name":"(anonymous_7)","decl":{"start":{"line":140,"column":30},"end":{"line":140,"column":31}},"loc":{"start":{"line":140,"column":49},"end":{"line":147,"column":5}},"line":140},"8":{"name":"(anonymous_8)","decl":{"start":{"line":143,"column":32},"end":{"line":143,"column":33}},"loc":{"start":{"line":143,"column":41},"end":{"line":145,"column":13}},"line":143},"9":{"name":"(anonymous_9)","decl":{"start":{"line":156,"column":25},"end":{"line":156,"column":26}},"loc":{"start":{"line":156,"column":37},"end":{"line":225,"column":5}},"line":156},"10":{"name":"(anonymous_10)","decl":{"start":{"line":227,"column":27},"end":{"line":227,"column":28}},"loc":{"start":{"line":227,"column":33},"end":{"line":233,"column":5}},"line":227},"11":{"name":"(anonymous_11)","decl":{"start":{"line":235,"column":24},"end":{"line":235,"column":25}},"loc":{"start":{"line":235,"column":31},"end":{"line":239,"column":5}},"line":235},"12":{"name":"(anonymous_12)","decl":{"start":{"line":246,"column":14},"end":{"line":246,"column":15}},"loc":{"start":{"line":246,"column":20},"end":{"line":259,"column":5}},"line":246},"13":{"name":"(anonymous_13)","decl":{"start":{"line":267,"column":14},"end":{"line":267,"column":15}},"loc":{"start":{"line":267,"column":20},"end":{"line":295,"column":5}},"line":267},"14":{"name":"(anonymous_14)","decl":{"start":{"line":272,"column":70},"end":{"line":272,"column":71}},"loc":{"start":{"line":272,"column":81},"end":{"line":272,"column":102}},"line":272},"15":{"name":"(anonymous_15)","decl":{"start":{"line":273,"column":80},"end":{"line":273,"column":81}},"loc":{"start":{"line":273,"column":96},"end":{"line":273,"column":122}},"line":273},"16":{"name":"(anonymous_16)","decl":{"start":{"line":274,"column":72},"end":{"line":274,"column":73}},"loc":{"start":{"line":274,"column":84},"end":{"line":274,"column":106}},"line":274},"17":{"name":"(anonymous_17)","decl":{"start":{"line":275,"column":78},"end":{"line":275,"column":79}},"loc":{"start":{"line":275,"column":92},"end":{"line":275,"column":116}},"line":275},"18":{"name":"(anonymous_18)","decl":{"start":{"line":304,"column":14},"end":{"line":304,"column":15}},"loc":{"start":{"line":304,"column":20},"end":{"line":336,"column":5}},"line":304},"19":{"name":"(anonymous_19)","decl":{"start":{"line":306,"column":55},"end":{"line":306,"column":56}},"loc":{"start":{"line":306,"column":66},"end":{"line":306,"column":87}},"line":306},"20":{"name":"(anonymous_20)","decl":{"start":{"line":314,"column":65},"end":{"line":314,"column":66}},"loc":{"start":{"line":314,"column":81},"end":{"line":314,"column":107}},"line":314},"21":{"name":"(anonymous_21)","decl":{"start":{"line":322,"column":57},"end":{"line":322,"column":58}},"loc":{"start":{"line":322,"column":69},"end":{"line":322,"column":91}},"line":322},"22":{"name":"(anonymous_22)","decl":{"start":{"line":330,"column":63},"end":{"line":330,"column":64}},"loc":{"start":{"line":330,"column":77},"end":{"line":330,"column":101}},"line":330},"23":{"name":"(anonymous_23)","decl":{"start":{"line":342,"column":14},"end":{"line":342,"column":15}},"loc":{"start":{"line":342,"column":20},"end":{"line":346,"column":5}},"line":342},"24":{"name":"(anonymous_24)","decl":{"start":{"line":352,"column":14},"end":{"line":352,"column":15}},"loc":{"start":{"line":352,"column":20},"end":{"line":356,"column":5}},"line":352},"25":{"name":"(anonymous_25)","decl":{"start":{"line":358,"column":14},"end":{"line":358,"column":15}},"loc":{"start":{"line":358,"column":20},"end":{"line":364,"column":5}},"line":358},"26":{"name":"(anonymous_26)","decl":{"start":{"line":360,"column":23},"end":{"line":360,"column":24}},"loc":{"start":{"line":360,"column":29},"end":{"line":362,"column":13}},"line":360}},"branchMap":{"0":{"loc":{"start":{"line":118,"column":8},"end":{"line":121,"column":9}},"type":"if","locations":[{"start":{"line":118,"column":8},"end":{"line":121,"column":9}},{"start":{"line":118,"column":8},"end":{"line":121,"column":9}}],"line":118},"1":{"loc":{"start":{"line":158,"column":8},"end":{"line":224,"column":9}},"type":"if","locations":[{"start":{"line":158,"column":8},"end":{"line":224,"column":9}},{"start":{"line":158,"column":8},"end":{"line":224,"column":9}}],"line":158},"2":{"loc":{"start":{"line":159,"column":12},"end":{"line":191,"column":13}},"type":"if","locations":[{"start":{"line":159,"column":12},"end":{"line":191,"column":13}},{"start":{"line":159,"column":12},"end":{"line":191,"column":13}}],"line":159},"3":{"loc":{"start":{"line":176,"column":37},"end":{"line":176,"column":94}},"type":"cond-expr","locations":[{"start":{"line":176,"column":67},"end":{"line":176,"column":71}},{"start":{"line":176,"column":74},"end":{"line":176,"column":94}}],"line":176},"4":{"loc":{"start":{"line":193,"column":12},"end":{"line":223,"column":13}},"type":"if","locations":[{"start":{"line":193,"column":12},"end":{"line":223,"column":13}},{"start":{"line":193,"column":12},"end":{"line":223,"column":13}}],"line":193},"5":{"loc":{"start":{"line":209,"column":37},"end":{"line":209,"column":94}},"type":"cond-expr","locations":[{"start":{"line":209,"column":67},"end":{"line":209,"column":71}},{"start":{"line":209,"column":74},"end":{"line":209,"column":94}}],"line":209},"6":{"loc":{"start":{"line":228,"column":8},"end":{"line":232,"column":9}},"type":"if","locations":[{"start":{"line":228,"column":8},"end":{"line":232,"column":9}},{"start":{"line":228,"column":8},"end":{"line":232,"column":9}}],"line":228},"7":{"loc":{"start":{"line":237,"column":8},"end":{"line":237,"column":40}},"type":"if","locations":[{"start":{"line":237,"column":8},"end":{"line":237,"column":40}},{"start":{"line":237,"column":8},"end":{"line":237,"column":40}}],"line":237},"8":{"loc":{"start":{"line":247,"column":8},"end":{"line":258,"column":9}},"type":"if","locations":[{"start":{"line":247,"column":8},"end":{"line":258,"column":9}},{"start":{"line":247,"column":8},"end":{"line":258,"column":9}}],"line":247},"9":{"loc":{"start":{"line":247,"column":11},"end":{"line":247,"column":62}},"type":"binary-expr","locations":[{"start":{"line":247,"column":11},"end":{"line":247,"column":28}},{"start":{"line":247,"column":32},"end":{"line":247,"column":62}}],"line":247},"10":{"loc":{"start":{"line":251,"column":12},"end":{"line":257,"column":13}},"type":"if","locations":[{"start":{"line":251,"column":12},"end":{"line":257,"column":13}},{"start":{"line":251,"column":12},"end":{"line":257,"column":13}}],"line":251},"11":{"loc":{"start":{"line":268,"column":8},"end":{"line":294,"column":9}},"type":"if","locations":[{"start":{"line":268,"column":8},"end":{"line":294,"column":9}},{"start":{"line":268,"column":8},"end":{"line":294,"column":9}}],"line":268},"12":{"loc":{"start":{"line":269,"column":12},"end":{"line":289,"column":13}},"type":"if","locations":[{"start":{"line":269,"column":12},"end":{"line":289,"column":13}},{"start":{"line":269,"column":12},"end":{"line":289,"column":13}}],"line":269},"13":{"loc":{"start":{"line":283,"column":33},"end":{"line":283,"column":103}},"type":"cond-expr","locations":[{"start":{"line":283,"column":67},"end":{"line":283,"column":98}},{"start":{"line":283,"column":101},"end":{"line":283,"column":103}}],"line":283},"14":{"loc":{"start":{"line":290,"column":12},"end":{"line":293,"column":13}},"type":"if","locations":[{"start":{"line":290,"column":12},"end":{"line":293,"column":13}},{"start":{"line":290,"column":12},"end":{"line":293,"column":13}}],"line":290},"15":{"loc":{"start":{"line":305,"column":8},"end":{"line":308,"column":9}},"type":"if","locations":[{"start":{"line":305,"column":8},"end":{"line":308,"column":9}},{"start":{"line":305,"column":8},"end":{"line":308,"column":9}}],"line":305},"16":{"loc":{"start":{"line":309,"column":8},"end":{"line":311,"column":9}},"type":"if","locations":[{"start":{"line":309,"column":8},"end":{"line":311,"column":9}},{"start":{"line":309,"column":8},"end":{"line":311,"column":9}}],"line":309},"17":{"loc":{"start":{"line":313,"column":8},"end":{"line":316,"column":9}},"type":"if","locations":[{"start":{"line":313,"column":8},"end":{"line":316,"column":9}},{"start":{"line":313,"column":8},"end":{"line":316,"column":9}}],"line":313},"18":{"loc":{"start":{"line":317,"column":8},"end":{"line":319,"column":9}},"type":"if","locations":[{"start":{"line":317,"column":8},"end":{"line":319,"column":9}},{"start":{"line":317,"column":8},"end":{"line":319,"column":9}}],"line":317},"19":{"loc":{"start":{"line":321,"column":8},"end":{"line":324,"column":9}},"type":"if","locations":[{"start":{"line":321,"column":8},"end":{"line":324,"column":9}},{"start":{"line":321,"column":8},"end":{"line":324,"column":9}}],"line":321},"20":{"loc":{"start":{"line":325,"column":8},"end":{"line":327,"column":9}},"type":"if","locations":[{"start":{"line":325,"column":8},"end":{"line":327,"column":9}},{"start":{"line":325,"column":8},"end":{"line":327,"column":9}}],"line":325},"21":{"loc":{"start":{"line":329,"column":8},"end":{"line":332,"column":9}},"type":"if","locations":[{"start":{"line":329,"column":8},"end":{"line":332,"column":9}},{"start":{"line":329,"column":8},"end":{"line":332,"column":9}}],"line":329},"22":{"loc":{"start":{"line":333,"column":8},"end":{"line":335,"column":9}},"type":"if","locations":[{"start":{"line":333,"column":8},"end":{"line":335,"column":9}},{"start":{"line":333,"column":8},"end":{"line":335,"column":9}}],"line":333},"23":{"loc":{"start":{"line":343,"column":8},"end":{"line":345,"column":9}},"type":"if","locations":[{"start":{"line":343,"column":8},"end":{"line":345,"column":9}},{"start":{"line":343,"column":8},"end":{"line":345,"column":9}}],"line":343},"24":{"loc":{"start":{"line":353,"column":8},"end":{"line":355,"column":9}},"type":"if","locations":[{"start":{"line":353,"column":8},"end":{"line":355,"column":9}},{"start":{"line":353,"column":8},"end":{"line":355,"column":9}}],"line":353},"25":{"loc":{"start":{"line":353,"column":11},"end":{"line":353,"column":46}},"type":"binary-expr","locations":[{"start":{"line":353,"column":11},"end":{"line":353,"column":22}},{"start":{"line":353,"column":26},"end":{"line":353,"column":31}},{"start":{"line":353,"column":35},"end":{"line":353,"column":46}}],"line":353},"26":{"loc":{"start":{"line":359,"column":8},"end":{"line":363,"column":9}},"type":"if","locations":[{"start":{"line":359,"column":8},"end":{"line":363,"column":9}},{"start":{"line":359,"column":8},"end":{"line":363,"column":9}}],"line":359},"27":{"loc":{"start":{"line":369,"column":17},"end":{"line":373,"column":17}},"type":"cond-expr","locations":[{"start":{"line":370,"column":20},"end":{"line":370,"column":78}},{"start":{"line":372,"column":20},"end":{"line":372,"column":129}}],"line":369},"28":{"loc":{"start":{"line":381,"column":34},"end":{"line":381,"column":53}},"type":"cond-expr","locations":[{"start":{"line":381,"column":48},"end":{"line":381,"column":49}},{"start":{"line":381,"column":52},"end":{"line":381,"column":53}}],"line":381},"29":{"loc":{"start":{"line":384,"column":38},"end":{"line":384,"column":59}},"type":"cond-expr","locations":[{"start":{"line":384,"column":54},"end":{"line":384,"column":55}},{"start":{"line":384,"column":58},"end":{"line":384,"column":59}}],"line":384},"30":{"loc":{"start":{"line":389,"column":21},"end":{"line":393,"column":21}},"type":"cond-expr","locations":[{"start":{"line":390,"column":24},"end":{"line":390,"column":53}},{"start":{"line":392,"column":24},"end":{"line":392,"column":52}}],"line":389},"31":{"loc":{"start":{"line":410,"column":33},"end":{"line":414,"column":33}},"type":"cond-expr","locations":[{"start":{"line":411,"column":36},"end":{"line":411,"column":55}},{"start":{"line":413,"column":36},"end":{"line":413,"column":54}}],"line":410},"32":{"loc":{"start":{"line":446,"column":47},"end":{"line":446,"column":78}},"type":"cond-expr","locations":[{"start":{"line":446,"column":63},"end":{"line":446,"column":69}},{"start":{"line":446,"column":72},"end":{"line":446,"column":78}}],"line":446},"33":{"loc":{"start":{"line":455,"column":57},"end":{"line":455,"column":100}},"type":"cond-expr","locations":[{"start":{"line":455,"column":73},"end":{"line":455,"column":78}},{"start":{"line":455,"column":81},"end":{"line":455,"column":100}}],"line":455},"34":{"loc":{"start":{"line":494,"column":29},"end":{"line":501,"column":29}},"type":"binary-expr","locations":[{"start":{"line":494,"column":29},"end":{"line":494,"column":36}},{"start":{"line":495,"column":32},"end":{"line":500,"column":30}}],"line":494},"35":{"loc":{"start":{"line":505,"column":29},"end":{"line":512,"column":29}},"type":"binary-expr","locations":[{"start":{"line":505,"column":29},"end":{"line":505,"column":41}},{"start":{"line":506,"column":32},"end":{"line":511,"column":30}}],"line":505},"36":{"loc":{"start":{"line":516,"column":29},"end":{"line":523,"column":29}},"type":"binary-expr","locations":[{"start":{"line":516,"column":29},"end":{"line":516,"column":37}},{"start":{"line":517,"column":32},"end":{"line":522,"column":30}}],"line":516},"37":{"loc":{"start":{"line":527,"column":29},"end":{"line":534,"column":29}},"type":"binary-expr","locations":[{"start":{"line":527,"column":29},"end":{"line":527,"column":40}},{"start":{"line":528,"column":32},"end":{"line":533,"column":30}}],"line":527}},"s":{"0":1,"1":2,"2":21,"3":21,"4":21,"5":21,"6":21,"7":21,"8":21,"9":21,"10":21,"11":21,"12":21,"13":21,"14":21,"15":21,"16":21,"17":21,"18":21,"19":21,"20":21,"21":21,"22":21,"23":21,"24":21,"25":0,"26":21,"27":21,"28":21,"29":0,"30":0,"31":0,"32":21,"33":0,"34":21,"35":0,"36":0,"37":21,"38":1,"39":21,"40":0,"41":0,"42":21,"43":2,"44":2,"45":1,"46":0,"47":0,"48":0,"49":1,"50":1,"51":1,"52":1,"53":1,"54":0,"55":0,"56":1,"57":1,"58":1,"59":1,"60":1,"61":1,"62":1,"63":1,"64":0,"65":0,"66":0,"67":0,"68":0,"69":0,"70":0,"71":0,"72":0,"73":0,"74":21,"75":0,"76":0,"77":0,"78":21,"79":0,"80":0,"81":0,"82":0,"83":21,"84":2,"85":0,"86":0,"87":2,"88":0,"89":0,"90":2,"91":2,"92":21,"93":3,"94":2,"95":0,"96":0,"97":0,"98":0,"99":0,"100":0,"101":0,"102":0,"103":0,"104":0,"105":0,"106":2,"107":1,"108":1,"109":21,"110":2,"111":0,"112":0,"113":0,"114":2,"115":0,"116":2,"117":0,"118":0,"119":0,"120":2,"121":0,"122":2,"123":0,"124":0,"125":0,"126":2,"127":0,"128":2,"129":0,"130":0,"131":0,"132":2,"133":0,"134":21,"135":2,"136":0,"137":21,"138":4,"139":0,"140":21,"141":2,"142":0,"143":0,"144":21},"f":{"0":2,"1":21,"2":0,"3":0,"4":0,"5":0,"6":1,"7":0,"8":0,"9":2,"10":0,"11":0,"12":2,"13":3,"14":0,"15":0,"16":0,"17":0,"18":2,"19":0,"20":0,"21":0,"22":0,"23":2,"24":4,"25":2,"26":0},"b":{"0":[0,0],"1":[1,1],"2":[0,1],"3":[1,0],"4":[1,0],"5":[0,0],"6":[0,0],"7":[0,0],"8":[0,2],"9":[2,0],"10":[0,2],"11":[2,1],"12":[0,2],"13":[0,0],"14":[1,1],"15":[0,2],"16":[0,2],"17":[0,2],"18":[0,2],"19":[0,2],"20":[0,2],"21":[0,2],"22":[0,2],"23":[0,2],"24":[0,4],"25":[4,1,0],"26":[0,2],"27":[0,21],"28":[13,8],"29":[0,21],"30":[14,7],"31":[14,7],"32":[0,21],"33":[0,21],"34":[21,0],"35":[21,0],"36":[21,0],"37":[21,0]},"_coverageSchema":"43e27e138ebf9cfc5966b082cf9a028302ed4184","hash":"c5e74bcd5319d1af8821e0aa4c93cb9f97c816c8"}
,"/Users/josiahroa/Documents/Lambda School/BioBid/bio-bid-fe/bio-bid/src/components/company-profile/Form/MultipleInput.js": {"path":"/Users/josiahroa/Documents/Lambda School/BioBid/bio-bid-fe/bio-bid/src/components/company-profile/Form/MultipleInput.js","statementMap":{"0":{"start":{"line":5,"column":21},"end":{"line":54,"column":1}},"1":{"start":{"line":56,"column":17},"end":{"line":86,"column":1}},"2":{"start":{"line":57,"column":24},"end":{"line":57,"column":53}},"3":{"start":{"line":97,"column":30},"end":{"line":97,"column":45}},"4":{"start":{"line":98,"column":36},"end":{"line":98,"column":48}},"5":{"start":{"line":99,"column":34},"end":{"line":99,"column":46}},"6":{"start":{"line":100,"column":34},"end":{"line":100,"column":61}},"7":{"start":{"line":102,"column":32},"end":{"line":102,"column":37}},"8":{"start":{"line":104,"column":24},"end":{"line":106,"column":5}},"9":{"start":{"line":105,"column":8},"end":{"line":105,"column":22}},"10":{"start":{"line":108,"column":23},"end":{"line":113,"column":5}},"11":{"start":{"line":109,"column":8},"end":{"line":111,"column":15}},"12":{"start":{"line":110,"column":12},"end":{"line":110,"column":27}},"13":{"start":{"line":115,"column":25},"end":{"line":120,"column":5}},"14":{"start":{"line":116,"column":8},"end":{"line":119,"column":10}},"15":{"start":{"line":122,"column":25},"end":{"line":129,"column":5}},"16":{"start":{"line":123,"column":8},"end":{"line":123,"column":34}},"17":{"start":{"line":124,"column":8},"end":{"line":128,"column":9}},"18":{"start":{"line":125,"column":12},"end":{"line":125,"column":112}},"19":{"start":{"line":125,"column":58},"end":{"line":125,"column":109}},"20":{"start":{"line":127,"column":12},"end":{"line":127,"column":41}},"21":{"start":{"line":131,"column":25},"end":{"line":139,"column":5}},"22":{"start":{"line":132,"column":8},"end":{"line":132,"column":27}},"23":{"start":{"line":133,"column":8},"end":{"line":136,"column":10}},"24":{"start":{"line":137,"column":8},"end":{"line":137,"column":22}},"25":{"start":{"line":138,"column":8},"end":{"line":138,"column":23}},"26":{"start":{"line":141,"column":25},"end":{"line":143,"column":5}},"27":{"start":{"line":142,"column":8},"end":{"line":142,"column":64}},"28":{"start":{"line":142,"column":45},"end":{"line":142,"column":61}},"29":{"start":{"line":146,"column":4},"end":{"line":148,"column":31}},"30":{"start":{"line":147,"column":8},"end":{"line":147,"column":47}},"31":{"start":{"line":150,"column":4},"end":{"line":155,"column":11}},"32":{"start":{"line":151,"column":8},"end":{"line":154,"column":9}},"33":{"start":{"line":152,"column":34},"end":{"line":152,"column":70}},"34":{"start":{"line":152,"column":60},"end":{"line":152,"column":69}},"35":{"start":{"line":153,"column":12},"end":{"line":153,"column":38}},"36":{"start":{"line":157,"column":4},"end":{"line":189,"column":5}},"37":{"start":{"line":162,"column":20},"end":{"line":164,"column":26}},"38":{"start":{"line":162,"column":92},"end":{"line":162,"column":121}},"39":{"start":{"line":180,"column":20},"end":{"line":185,"column":26}},"40":{"start":{"line":182,"column":66},"end":{"line":182,"column":87}}},"fnMap":{"0":{"name":"(anonymous_0)","decl":{"start":{"line":57,"column":15},"end":{"line":57,"column":16}},"loc":{"start":{"line":57,"column":24},"end":{"line":57,"column":53}},"line":57},"1":{"name":"(anonymous_1)","decl":{"start":{"line":88,"column":15},"end":{"line":88,"column":16}},"loc":{"start":{"line":88,"column":26},"end":{"line":190,"column":1}},"line":88},"2":{"name":"(anonymous_2)","decl":{"start":{"line":104,"column":24},"end":{"line":104,"column":25}},"loc":{"start":{"line":104,"column":30},"end":{"line":106,"column":5}},"line":104},"3":{"name":"(anonymous_3)","decl":{"start":{"line":108,"column":23},"end":{"line":108,"column":24}},"loc":{"start":{"line":108,"column":29},"end":{"line":113,"column":5}},"line":108},"4":{"name":"(anonymous_4)","decl":{"start":{"line":109,"column":19},"end":{"line":109,"column":20}},"loc":{"start":{"line":109,"column":25},"end":{"line":111,"column":9}},"line":109},"5":{"name":"(anonymous_5)","decl":{"start":{"line":115,"column":25},"end":{"line":115,"column":26}},"loc":{"start":{"line":115,"column":33},"end":{"line":120,"column":5}},"line":115},"6":{"name":"(anonymous_6)","decl":{"start":{"line":122,"column":25},"end":{"line":122,"column":26}},"loc":{"start":{"line":122,"column":30},"end":{"line":129,"column":5}},"line":122},"7":{"name":"(anonymous_7)","decl":{"start":{"line":125,"column":47},"end":{"line":125,"column":48}},"loc":{"start":{"line":125,"column":58},"end":{"line":125,"column":109}},"line":125},"8":{"name":"(anonymous_8)","decl":{"start":{"line":131,"column":25},"end":{"line":131,"column":26}},"loc":{"start":{"line":131,"column":30},"end":{"line":139,"column":5}},"line":131},"9":{"name":"(anonymous_9)","decl":{"start":{"line":141,"column":25},"end":{"lin
[...]
,"/Users/josiahroa/Documents/Lambda School/BioBid/bio-bid-fe/bio-bid/src/components/company-profile/List/List.js": {"path":"/Users/josiahroa/Documents/Lambda School/BioBid/bio-bid-fe/bio-bid/src/components/company-profile/List/List.js","statementMap":{"0":{"start":{"line":14,"column":18},"end":{"line":19,"column":3}},"1":{"start":{"line":14,"column":41},"end":{"line":19,"column":1}},"2":{"start":{"line":22,"column":20},"end":{"line":22,"column":31}},"3":{"start":{"line":23,"column":20},"end":{"line":23,"column":32}},"4":{"start":{"line":25,"column":44},"end":{"line":25,"column":58}},"5":{"start":{"line":26,"column":34},"end":{"line":26,"column":46}},"6":{"start":{"line":28,"column":39},"end":{"line":28,"column":62}},"7":{"start":{"line":30,"column":25},"end":{"line":32,"column":5}},"8":{"start":{"line":31,"column":8},"end":{"line":31,"column":34}},"9":{"start":{"line":34,"column":25},"end":{"line":40,"column":5}},"10":{"start":{"line":35,"column":8},"end":{"line":39,"column":9}},"11":{"start":{"line":36,"column":12},"end":{"line":36,"column":133}},"12":{"start":{"line":36,"column":72},"end":{"line":36,"column":129}},"13":{"start":{"line":38,"column":12},"end":{"line":38,"column":33}},"14":{"start":{"line":42,"column":27},"end":{"line":44,"column":5}},"15":{"start":{"line":43,"column":8},"end":{"line":43,"column":46}},"16":{"start":{"line":46,"column":4},"end":{"line":48,"column":15}},"17":{"start":{"line":47,"column":8},"end":{"line":47,"column":29}},"18":{"start":{"line":50,"column":4},"end":{"line":52,"column":20}},"19":{"start":{"line":51,"column":8},"end":{"line":51,"column":18}},"20":{"start":{"line":54,"column":4},"end":{"line":81,"column":5}},"21":{"start":{"line":78,"column":16},"end":{"line":78,"column":72}}},"fnMap":{"0":{"name":"(anonymous_0)","decl":{"start":{"line":14,"column":29},"end":{"line":14,"column":30}},"loc":{"start":{"line":14,"column":41},"end":{"line":19,"column":1}},"line":14},"1":{"name":"(anonymous_1)","decl":{"start":{"line":21,"column":15},"end":{"line":21,"column":16}},"loc":{"start":{"line":21,"column":21},"end":{"line":82,"column":1}},"line":21},"2":{"name":"(anonymous_2)","decl":{"start":{"line":30,"column":25},"end":{"line":30,"column":26}},"loc":{"start":{"line":30,"column":30},"end":{"line":32,"column":5}},"line":30},"3":{"name":"(anonymous_3)","decl":{"start":{"line":34,"column":25},"end":{"line":34,"column":26}},"loc":{"start":{"line":34,"column":31},"end":{"line":40,"column":5}},"line":34},"4":{"name":"(anonymous_4)","decl":{"start":{"line":36,"column":61},"end":{"line":36,"column":62}},"loc":{"start":{"line":36,"column":72},"end":{"line":36,"column":129}},"line":36},"5":{"name":"(anonymous_5)","decl":{"start":{"line":42,"column":27},"end":{"line":42,"column":28}},"loc":{"start":{"line":42,"column":33},"end":{"line":44,"column":5}},"line":42},"6":{"name":"(anonymous_6)","decl":{"start":{"line":46,"column":14},"end":{"line":46,"column":15}},"loc":{"start":{"line":46,"column":20},"end":{"line":48,"column":5}},"line":46},"7":{"name":"(anonymous_7)","decl":{"start":{"line":50,"column":14},"end":{"line":50,"column":15}},"loc":{"start":{"line":50,"column":20},"end":{"line":52,"column":5}},"line":50},"8":{"name":"(anonymous_8)","decl":{"start":{"line":77,"column":54},"end":{"line":77,"column":55}},"loc":{"start":{"line":77,"column":65},"end":{"line":79,"column":13}},"line":77}},"branchMap":{"0":{"loc":{"start":{"line":35,"column":8},"end":{"line":39,"column":9}},"type":"if","locations":[{"start":{"line":35,"column":8},"end":{"line":39,"column":9}},{"start":{"line":35,"column":8},"end":{"line":39,"column":9}}],"line":35},"1":{"loc":{"start":{"line":77,"column":13},"end":{"line":79,"column":14}},"type":"binary-expr","locations":[{"start":{"line":77,"column":13},"end":{"line":77,"column":24}},{"start":{"line":77,"column":28},"end":{"line":79,"column":14}}],"line":77}},"s":{"0":0,"1":0,"2":0,"3":0,"4":0,"5":0,"6":0,"7":0,"8":0,"9":0,"10":0,"11":0,"12":0,"13":0,"14":0,"15":0,"16":0,"17":0,"18":0,"19":0,"20":0,"21":0},"f":{"0":0,"1":0,"2":0,"3":0,"4":0,"5":0,"6":0,"7":0,"8":0},"b":{"0":[0,0],"1":[0,0]},"hash":"b2fd06d553c1e4851acad21fed723875b3062867"}
,"/Users/josiahroa/Documents/Lambda School/BioBid/bio-bid-fe/bio-bid/src/components/company-profile/List/styles.js": {"path":"/Users/josiahroa/Documents/Lambda School/BioBid/bio-bid-fe/bio-bid/src/components/company-profile/List/styles.js","statementMap":{"0":{"start":{"line":4,"column":27},"end":{"line":43,"column":1}},"1":{"start":{"line":45,"column":27},"end":{"line":100,"column":1}},"2":{"start":{"line":102,"column":22},"end":{"line":122,"column":1}},"3":{"start":{"line":110,"column":33},"end":{"line":110,"column":91}},"4":{"start":{"line":124,"column":26},"end":{"line":145,"column":1}},"5":{"start":{"line":132,"column":33},"end":{"line":132,"column":93}},"6":{"start":{"line":133,"column":33},"end":{"line":133,"column":93}},"7":{"start":{"line":143,"column":26},"end":{"line":143,"column":86}}},"fnMap":{"0":{"name":"(anonymous_0)","decl":{"start":{"line":110,"column":24},"end":{"line":110,"column":25}},"loc":{"start":{"line":110,"column":33},"end":{"line":110,"column":91}},"line":110},"1":{"name":"(anonymous_1)","decl":{"start":{"line":132,"column":24},"end":{"line":132,"column":25}},"loc":{"start":{"line":132,"column":33},"end":{"line":132,"column":93}},"line":132},"2":{"name":"(anonymous_2)","decl":{"start":{"line":133,"column":24},"end":{"line":133,"column":25}},"loc":{"start":{"line":133,"column":33},"end":{"line":133,"column":93}},"line":133},"3":{"name":"(anonymous_3)","decl":{"start":{"line":143,"column":17},"end":{"line":143,"column":18}},"loc":{"start":{"line":143,"column":26},"end":{"line":143,"column":86}},"line":143}},"branchMap":{"0":{"loc":{"start":{"line":110,"column":33},"end":{"line":110,"column":91}},"type":"cond-expr","locations":[{"start":{"line":110,"column":48},"end":{"line":110,"column":64}},{"start":{"line":110,"column":67},"end":{"line":110,"column":91}}],"line":110},"1":{"loc":{"start":{"line":132,"column":33},"end":{"line":132,"column":93}},"type":"cond-expr","locations":[{"start":{"line":132,"column":46},"end":{"line":132,"column":66}},{"start":{"line":132,"column":69},"end":{"line":132,"column":93}}],"line":132},"2":{"loc":{"start":{"line":133,"column":33},"end":{"line":133,"column":93}},"type":"cond-expr","locations":[{"start":{"line":133,"column":46},"end":{"line":133,"column":66}},{"start":{"line":133,"column":69},"end":{"line":133,"column":93}}],"line":133},"3":{"loc":{"start":{"line":143,"column":26},"end":{"line":143,"column":86}},"type":"cond-expr","locations":[{"start":{"line":143,"column":39},"end":{"line":143,"column":59}},{"start":{"line":143,"column":62},"end":{"line":143,"column":86}}],"line":143}},"s":{"0":0,"1":0,"2":0,"3":0,"4":0,"5":0,"6":0,"7":0},"f":{"0":0,"1":0,"2":0,"3":0},"b":{"0":[0,0],"1":[0,0],"2":[0,0],"3":[0,0]},"hash":"9f6b0219e50b4022412c702afc24445a62bcb1f8"}
,"/Users/josiahroa/Documents/Lambda School/BioBid/bio-bid-fe/bio-bid/src/imports/bidsImports.js": {"path":"/Users/josiahroa/Documents/Lambda School/BioBid/bio-bid-fe/bio-bid/src/imports/bidsImports.js","statementMap":{},"fnMap":{},"branchMap":{},"s":{},"f":{},"b":{},"_coverageSchema":"43e27e138ebf9cfc5966b082cf9a028302ed4184","hash":"23b493903a930348f96ece9963f5dba6bdb8fe7b"}
,"/Users/josiahroa/Documents/Lambda School/BioBid/bio-bid-fe/bio-bid/src/mutations/index.js": {"path":"/Users/josiahroa/Documents/Lambda School/BioBid/bio-bid-fe/bio-bid/src/mutations/index.js","statementMap":{"0":{"start":{"line":3,"column":30},"end":{"line":9,"column":1}},"1":{"start":{"line":11,"column":27},"end":{"line":41,"column":1}},"2":{"start":{"line":43,"column":28},"end":{"line":75,"column":1}}},"fnMap":{},"branchMap":{},"s":{"0":1,"1":1,"2":1},"f":{},"b":{},"_coverageSchema":"43e27e138ebf9cfc5966b082cf9a028302ed4184","hash":"f2ad989a7d5cc24439b542fa06643b9ef85863b7"}
,"/Users/josiahroa/Documents/Lambda School/BioBid/bio-bid-fe/bio-bid/src/queries/index.js": {"path":"/Users/josiahroa/Documents/Lambda School/BioBid/bio-bid-fe/bio-bid/src/queries/index.js","statementMap":{"0":{"start":{"line":3,"column":27},"end":{"line":17,"column":1}},"1":{"start":{"line":19,"column":29},"end":{"line":30,"column":1}},"2":{"start":{"line":32,"column":33},"end":{"line":56,"column":1}},"3":{"start":{"line":58,"column":28},"end":{"line":64,"column":1}},"4":{"start":{"line":66,"column":27},"end":{"line":72,"column":1}},"5":{"start":{"line":74,"column":32},"end":{"line":80,"column":1}},"6":{"start":{"line":82,"column":31},"end":{"line":88,"column":1}}},"fnMap":{},"branchMap":{},"s":{"0":2,"1":2,"2":2,"3":2,"4":2,"5":2,"6":2},"f":{},"b":{},"_coverageSchema":"43e27e138ebf9cfc5966b082cf9a028302ed4184","hash":"78cd4a03b734c424d277802c78cdbe189e23af48"}
,"/Users/josiahroa/Documents/Lambda School/BioBid/bio-bid-fe/bio-bid/src/utils/enums.js": {"path":"/Users/josiahroa/Documents/Lambda School/BioBid/bio-bid-fe/bio-bid/src/utils/enums.js","statementMap":{"0":{"start":{"line":1,"column":22},"end":{"line":6,"column":1}},"1":{"start":{"line":8,"column":22},"end":{"line":13,"column":1}}},"fnMap":{},"branchMap":{},"s":{"0":1,"1":1},"f":{},"b":{},"_coverageSchema":"43e27e138ebf9cfc5966b082cf9a028302ed4184","hash":"c8f3d876d493edd059a3a821b85e4579d0cee631"}
,"/Users/josiahroa/Documents/Lambda School/BioBid/bio-bid-fe/bio-bid/src/utils/filter.js": {"path":"/Users/josiahroa/Documents/Lambda School/BioBid/bio-bid-fe/bio-bid/src/utils/filter.js","statementMap":{"0":{"start":{"line":3,"column":34},"end":{"line":17,"column":1}},"1":{"start":{"line":4,"column":4},"end":{"line":16,"column":5}},"2":{"start":{"line":6,"column":12},"end":{"line":6,"column":67}},"3":{"start":{"line":6,"column":48},"end":{"line":6,"column":65}},"4":{"start":{"line":9,"column":12},"end":{"line":9,"column":67}},"5":{"start":{"line":9,"column":48},"end":{"line":9,"column":65}},"6":{"start":{"line":12,"column":12},"end":{"line":12,"column":67}},"7":{"start":{"line":12,"column":48},"end":{"line":12,"column":65}},"8":{"start":{"line":15,"column":12},"end":{"line":15,"column":37}},"9":{"start":{"line":19,"column":35},"end":{"line":33,"column":1}},"10":{"start":{"line":20,"column":4},"end":{"line":32,"column":5}},"11":{"start":{"line":22,"column":12},"end":{"line":22,"column":73}},"12":{"start":{"line":22,"column":48},"end":{"line":22,"column":71}},"13":{"start":{"line":25,"column":12},"end":{"line":25,"column":75}},"14":{"start":{"line":25,"column":48},"end":{"line":25,"column":73}},"15":{"start":{"line":28,"column":12},"end":{"line":28,"column":75}},"16":{"start":{"line":28,"column":48},"end":{"line":28,"column":73}},"17":{"start":{"line":31,"column":12},"end":{"line":31,"column":37}}},"fnMap":{"0":{"name":"(anonymous_0)","decl":{"start":{"line":3,"column":34},"end":{"line":3,"column":35}},"loc":{"start":{"line":3,"column":51},"end":{"line":17,"column":1}},"line":3},"1":{"name":"(anonymous_1)","decl":{"start":{"line":6,"column":39},"end":{"line":6,"column":40}},"loc":{"start":{"line":6,"column":48},"end":{"line":6,"column":65}},"line":6},"2":{"name":"(anonymous_2)","decl":{"start":{"line":9,"column":39},"end":{"line":9,"column":40}},"loc":{"start":{"line":9,"column":48},"end":{"line":9,"column":65}},"line":9},"3":{"name":"(anonymous_3)","decl":{"start":{"line":12,"column":39},"end":{"line":12,"column":40}},"loc":{"start":{"line":12,"column":48},"end":{"line":12,"column":65}},"line":12},"4":{"name":"(anonymous_4)","decl":{"start":{"line":19,"column":35},"end":{"line":19,"column":36}},"loc":{"start":{"line":19,"column":53},"end":{"line":33,"column":1}},"line":19},"5":{"name":"(anonymous_5)","decl":{"start":{"line":22,"column":39},"end":{"line":22,"column":40}},"loc":{"start":{"line":22,"column":48},"end":{"line":22,"column":71}},"line":22},"6":{"name":"(anonymous_6)","decl":{"start":{"line":25,"column":39},"end":{"line":25,"column":40}},"loc":{"start":{"line":25,"column":48},"end":{"line":25,"column":73}},"line":25},"7":{"name":"(anonymous_7)","decl":{"start":{"line":28,"column":39},"end":{"line":28,"column":40}},"loc":{"start":{"line":28,"column":48},"end":{"line":28,"column":73}},"line":28}},"branchMap":{"0":{"loc":{"start":{"line":4,"column":4},"end":{"line":16,"column":5}},"type":"switch","locations":[{"start":{"line":5,"column":8},"end":{"line":6,"column":67}},{"start":{"line":8,"column":8},"end":{"line":9,"column":67}},{"start":{"line":11,"column":8},"end":{"line":12,"column":67}},{"start":{"line":14,"column":8},"end":{"line":15,"column":37}}],"line":4},"1":{"loc":{"start":{"line":20,"column":4},"end":{"line":32,"column":5}},"type":"switch","locations":[{"start":{"line":21,"column":8},"end":{"line":22,"column":73}},{"start":{"line":24,"column":8},"end":{"line":25,"column":75}},{"start":{"line":27,"column":8},"end":{"line":28,"column":75}},{"start":{"line":30,"column":8},"end":{"line":31,"column":37}}],"line":20}},"s":{"0":1,"1":0,"2":0,"3":0,"4":0,"5":0,"6":0,"7":0,"8":0,"9":1,"10":0,"11":0,"12":0,"13":0,"14":0,"15":0,"16":0,"17":0},"f":{"0":0,"1":0,"2":0,"3":0,"4":0,"5":0,"6":0,"7":0},"b":{"0":[0,0,0,0],"1":[0,0,0,0]},"_coverageSchema":"43e27e138ebf9cfc5966b082cf9a028302ed4184","hash":"11cfddb164bc64bbd08502d455190bc635a7c0d3"}
,"/Users/josiahroa/Documents/Lambda School/BioBid/bio-bid-fe/bio-bid/src/utils/filterResults.js": {"path":"/Users/josiahroa/Documents/Lambda School/BioBid/bio-bid-fe/bio-bid/src/utils/filterResults.js","statementMap":{"0":{"start":{"line":5,"column":20},"end":{"line":5,"column":22}},"1":{"start":{"line":6,"column":20},"end":{"line":6,"column":22}},"2":{"start":{"line":7,"column":21},"end":{"line":7,"column":23}},"3":{"start":{"line":8,"column":21},"end":{"line":8,"column":23}},"4":{"start":{"line":10,"column":4},"end":{"line":14,"column":5}},"5":{"start":{"line":11,"column":8},"end":{"line":11,"column":60}},"6":{"start":{"line":12,"column":8},"end":{"line":12,"column":37}},"7":{"start":{"line":16,"column":4},"end":{"line":19,"column":5}},"8":{"start":{"line":17,"column":8},"end":{"line":17,"column":60}},"9":{"start":{"line":18,"column":8},"end":{"line":18,"column":37}},"10":{"start":{"line":21,"column":4},"end":{"line":24,"column":5}},"11":{"start":{"line":22,"column":8},"end":{"line":22,"column":60}},"12":{"start":{"line":23,"column":8},"end":{"line":23,"column":37}},"13":{"start":{"line":26,"column":4},"end":{"line":30,"column":5}},"14":{"start":{"line":27,"column":8},"end":{"line":27,"column":60}},"15":{"start":{"line":28,"column":8},"end":{"line":28,"column":39}},"16":{"start":{"line":32,"column":4},"end":{"line":35,"column":5}},"17":{"start":{"line":33,"column":8},"end":{"line":33,"column":62}},"18":{"start":{"line":34,"column":8},"end":{"line":34,"column":39}},"19":{"start":{"line":37,"column":4},"end":{"line":40,"column":5}},"20":{"start":{"line":38,"column":8},"end":{"line":38,"column":62}},"21":{"start":{"line":39,"column":8},"end":{"line":39,"column":39}},"22":{"start":{"line":42,"column":22},"end":{"line":42,"column":24}},"23":{"start":{"line":44,"column":4},"end":{"line":59,"column":5}},"24":{"start":{"line":45,"column":8},"end":{"line":53,"column":9}},"25":{"start":{"line":45,"column":21},"end":{"line":45,"column":22}},"26":{"start":{"line":46,"column":12},"end":{"line":52,"column":13}},"27":{"start":{"line":47,"column":16},"end":{"line":47,"column":44}},"28":{"start":{"line":50,"column":33},"end":{"line":50,"column":62}},"29":{"start":{"line":51,"column":16},"end":{"line":51,"column":44}},"30":{"start":{"line":56,"column":8},"end":{"line":58,"column":9}},"31":{"start":{"line":56,"column":21},"end":{"line":56,"column":22}},"32":{"start":{"line":57,"column":12},"end":{"line":57,"column":42}},"33":{"start":{"line":60,"column":23},"end":{"line":60,"column":25}},"34":{"start":{"line":62,"column":4},"end":{"line":66,"column":5}},"35":{"start":{"line":62,"column":17},"end":{"line":62,"column":18}},"36":{"start":{"line":63,"column":8},"end":{"line":65,"column":9}},"37":{"start":{"line":64,"column":12},"end":{"line":64,"column":42}},"38":{"start":{"line":67,"column":4},"end":{"line":67,"column":22}}},"fnMap":{"0":{"name":"filterResults","decl":{"start":{"line":4,"column":16},"end":{"line":4,"column":29}},"loc":{"start":{"line":4,"column":88},"end":{"line":68,"column":1}},"line":4}},"branchMap":{"0":{"loc":{"start":{"line":10,"column":4},"end":{"line":14,"column":5}},"type":"if","locations":[{"start":{"line":10,"column":4},"end":{"line":14,"column":5}},{"start":{"line":10,"column":4},"end":{"line":14,"column":5}}],"line":10},"1":{"loc":{"start":{"line":16,"column":4},"end":{"line":19,"column":5}},"type":"if","locations":[{"start":{"line":16,"column":4},"end":{"line":19,"column":5}},{"start":{"line":16,"column":4},"end":{"line":19,"column":5}}],"line":16},"2":{"loc":{"start":{"line":21,"column":4},"end":{"line":24,"column":5}},"type":"if","locations":[{"start":{"line":21,"column":4},"end":{"line":24,"column":5}},{"start":{"line":21,"column":4},"end":{"line":24,"column":5}}],"line":21},"3":{"loc":{"start":{"line":26,"column":4},"end":{"line":30,"column":5}},"type":"if","locations":[{"start":{"line":26,"column":4},"end":{"line":30,"column":5}},{"start":{"line":26,"column":4},"end":{"line":30,"column":5}}],"line":26},"4":{"loc":{"start":{"line":32,"column":4},"end":{"line":35,"column":5}},"type":"if","locations":[{"start":{"line":32,"column":4},"end":{"line":35,"column":5}},{"start":{"line":32,"column":4},"end":{"line":35,"column":5}}],"line":32},"5":{"loc":{"start":{"line":37,"column":4},"end":{"line":40,"column":5}},"type":"if","locations":[{"start":{"line":37,"column":4},"end":{"line":40,"column":5}},{"start":{"line":37,"column":4},"end":{"line":40,"column":5}}],"line":37},"6":{"loc":{"start":{"line":44,"column":4},"end":{"line":59,"column":5}},"type":"if","locations":[{"start":{"line":44,"column":4},"end":{"line":59,"column":5}},{"start":{"line":44,"column":4},"end":{"line":59,"column":5}}],"line":44},"7":{"loc":{"start":{"line":46,"column":12},"end":{"line":52,"column":13}},"type":"if","locations":[{"start":{"line":46,"column":12},"end":{"line":52,"column":13}},{"start":{"line":46,"column":12},"end":{"line":52,"column":13}}],"line":46},"8":{"loc":{"start":{"line":63,"column":8},"end":{"line":65,"column":9}},"type":"if","locations":[{"start":{"line":63,"column":8},"end":{"line":65,"column":9}},{"start":{"line":63,"column":8},"end":{"line":65,"column":9}}],"line":63},"9":{"loc":{"start":{"line":63,"column":12},"end":{"line":63,"column":75}},"type":"binary-expr","locations":[{"start":{"line":63,"column":12},"end":{"line":63,"column":38}},{"start":{"line":63,"column":42},"end":{"line":63,"column":75}}],"line":63}},"s":{"0":0,"1":0,"2":0,"3":0,"4":0,"5":0,"6":0,"7":0,"8":0,"9":0,"10":0,"11":0,"12":0,"13":0,"14":0,"15":0,"16":0,"17":0,"18":0,"19":0,"20":0,"21":0,"22":0,"23":0,"24":0,"25":0,"26":0,"27":0,"28":0,"29":0,"30":0,"31":0,"32":0,"33":0,"34":0,"35":0,"36":0,"37":0,"38":0},"f":{"0":0},"b":{"0":[0,0],"1":[0,0],"2":[0,0],"3":[0,0],"4":[0,0],"5":[0,0],"6":[0,0],"7":[0,0],"8":[0,0],"9":[0,0]},"_coverageSchema":"43e27e138ebf9cfc5966b082cf9a028302ed4184","hash":"4589132d143b9d1637c936660721a8494aac44c2"}
,"/Users/josiahroa/Documents/Lambda School/BioBid/bio-bid-fe/bio-bid/src/utils/tableHeaders.js": {"path":"/Users/josiahroa/Documents/Lambda School/BioBid/bio-bid-fe/bio-bid/src/utils/tableHeaders.js","statementMap":{"0":{"start":{"line":1,"column":28},"end":{"line":1,"column":139}}},"fnMap":{},"branchMap":{},"s":{"0":1},"f":{},"b":{},"_coverageSchema":"43e27e138ebf9cfc5966b082cf9a028302ed4184","hash":"c0205561fbf5851e5215cb002e5391a5138a63c5"}
}
