TN:
SF:/Users/josiahroa/Documents/Lambda School/BioBid/bio-bid-fe/bio-bid/src/App.js
FN:10,App
FNF:1
FNH:0
FNDA:0,App
DA:11,0
LF:1
LH:0
BRF:0
BRH:0
end_of_record
TN:
SF:/Users/josiahroa/Documents/Lambda School/BioBid/bio-bid-fe/bio-bid/src/index.js
FNF:0
FNH:0
DA:14,0
DA:33,0
DA:35,0
DA:47,0
LF:4
LH:0
BRDA:16,0,0,0
BRDA:16,0,1,0
BRF:2
BRH:0
end_of_record
TN:
SF:/Users/josiahroa/Documents/Lambda School/BioBid/bio-bid-fe/bio-bid/src/serviceWorker.js
FN:23,register
FN:34,(anonymous_1)
FN:43,(anonymous_2)
FN:57,registerValidSW
FN:60,(anonymous_4)
FN:61,(anonymous_5)
FN:66,(anonymous_6)
FN:96,(anonymous_7)
FN:101,checkValidServiceWorker
FN:106,(anonymous_9)
FN:114,(anonymous_10)
FN:115,(anonymous_11)
FN:124,(anonymous_12)
FN:131,unregister
FN:134,(anonymous_14)
FN:137,(anonymous_15)
FNF:16
FNH:0
FNDA:0,register
FNDA:0,(anonymous_1)
FNDA:0,(anonymous_2)
FNDA:0,registerValidSW
FNDA:0,(anonymous_4)
FNDA:0,(anonymous_5)
FNDA:0,(anonymous_6)
FNDA:0,(anonymous_7)
FNDA:0,checkValidServiceWorker
FNDA:0,(anonymous_9)
FNDA:0,(anonymous_10)
FNDA:0,(anonymous_11)
FNDA:0,(anonymous_12)
FNDA:0,unregister
FNDA:0,(anonymous_14)
FNDA:0,(anonymous_15)
DA:13,0
DA:24,0
DA:26,0
DA:27,0
DA:31,0
DA:34,0
DA:35,0
DA:37,0
DA:39,0
DA:43,0
DA:44,0
DA:51,0
DA:58,0
DA:61,0
DA:62,0
DA:63,0
DA:64,0
DA:66,0
DA:67,0
DA:68,0
DA:72,0
DA:78,0
DA:79,0
DA:85,0
DA:88,0
DA:89,0
DA:97,0
DA:103,0
DA:108,0
DA:109,0
DA:114,0
DA:115,0
DA:116,0
DA:121,0
DA:125,0
DA:132,0
DA:133,0
DA:135,0
DA:138,0
LF:39
LH:0
BRDA:14,0,0,0
BRDA:14,0,1,0
BRDA:14,0,2,0
BRDA:24,1,0,0
BRDA:24,1,1,0
BRDA:24,2,0,0
BRDA:24,2,1,0
BRDA:27,3,0,0
BRDA:27,3,1,0
BRDA:37,4,0,0
BRDA:37,4,1,0
BRDA:63,5,0,0
BRDA:63,5,1,0
BRDA:67,6,0,0
BRDA:67,6,1,0
BRDA:68,7,0,0
BRDA:68,7,1,0
BRDA:78,8,0,0
BRDA:78,8,1,0
BRDA:78,9,0,0
BRDA:78,9,1,0
BRDA:88,10,0,0
BRDA:88,10,1,0
BRDA:88,11,0,0
BRDA:88,11,1,0
BRDA:109,12,0,0
BRDA:109,12,1,0
BRDA:110,13,0,0
BRDA:110,13,1,0
BRDA:110,13,2,0
BRDA:132,14,0,0
BRDA:132,14,1,0
BRF:32
BRH:0
end_of_record
TN:
SF:/Users/josiahroa/Documents/Lambda School/BioBid/bio-bid-fe/bio-bid/src/theme.js
FNF:0
FNH:0
LF:0
LH:0
BRF:0
BRH:0
end_of_record
TN:
SF:/Users/josiahroa/Documents/Lambda School/BioBid/bio-bid-fe/bio-bid/src/components/bids/CheckBoxFilters.js
FN:12,CheckboxFilters
FN:21,(anonymous_1)
FN:28,(anonymous_2)
FN:34,(anonymous_3)
FN:40,(anonymous_4)
FN:49,(anonymous_5)
FN:55,(anonymous_6)
FN:61,(anonymous_7)
FNF:8
FNH:1
FNDA:6,CheckboxFilters
FNDA:0,(anonymous_1)
FNDA:0,(anonymous_2)
FNDA:0,(anonymous_3)
FNDA:0,(anonymous_4)
FNDA:0,(anonymous_5)
FNDA:0,(anonymous_6)
FNDA:0,(anonymous_7)
DA:14,6
DA:21,0
DA:28,0
DA:34,0
DA:40,0
DA:49,0
DA:55,0
DA:61,0
LF:8
LH:1
BRDA:15,0,0,0
BRDA:15,0,1,6
BRF:2
BRH:1
end_of_record
TN:
SF:/Users/josiahroa/Documents/Lambda School/BioBid/bio-bid-fe/bio-bid/src/components/bids/bids.js
FN:10,(anonymous_0)
FN:33,(anonymous_1)
FN:44,(anonymous_2)
FN:57,(anonymous_3)
FN:64,(anonymous_4)
FN:69,(anonymous_5)
FN:80,(anonymous_6)
FN:94,(anonymous_7)
FN:96,(anonymous_8)
FN:105,(anonymous_9)
FN:108,(anonymous_10)
FN:114,(anonymous_11)
FN:118,(anonymous_12)
FNF:13
FNH:4
FNDA:6,(anonymous_0)
FNDA:0,(anonymous_1)
FNDA:0,(anonymous_2)
FNDA:0,(anonymous_3)
FNDA:0,(anonymous_4)
FNDA:0,(anonymous_5)
FNDA:6,(anonymous_6)
FNDA:0,(anonymous_7)
FNDA:0,(anonymous_8)
FNDA:0,(anonymous_9)
FNDA:0,(anonymous_10)
FNDA:48,(anonymous_11)
FNDA:2,(anonymous_12)
DA:10,1
DA:12,6
DA:14,6
DA:15,6
DA:16,6
DA:18,6
DA:19,6
DA:20,6
DA:22,6
DA:23,6
DA:24,6
DA:26,6
DA:28,6
DA:29,6
DA:30,6
DA:31,6
DA:33,6
DA:35,0
DA:37,0
DA:38,0
DA:40,0
DA:44,6
DA:46,0
DA:48,0
DA:50,0
DA:51,0
DA:53,0
DA:57,6
DA:59,0
DA:60,0
DA:64,6
DA:65,0
DA:66,0
DA:69,6
DA:71,0
DA:72,0
DA:73,0
DA:74,0
DA:75,0
DA:76,0
DA:77,0
DA:80,6
DA:81,6
DA:82,4
DA:83,4
DA:84,2
DA:88,6
DA:94,0
DA:96,0
DA:105,0
DA:108,0
DA:114,48
DA:118,2
LF:53
LH:29
BRDA:37,0,0,0
BRDA:37,0,1,0
BRDA:50,1,0,0
BRDA:50,1,1,0
BRDA:81,2,0,4
BRDA:81,2,1,2
BRDA:83,3,0,2
BRDA:83,3,1,2
BRDA:83,4,0,4
BRDA:83,4,1,2
BRDA:118,5,0,6
BRDA:118,5,1,4
BRDA:119,6,0,2
BRDA:119,6,1,0
BRDA:119,7,0,0
BRDA:119,7,1,0
BRF:16
BRH:9
end_of_record
TN:
SF:/Users/josiahroa/Documents/Lambda School/BioBid/bio-bid-fe/bio-bid/src/components/bids/dash-sidebar.js
FN:22,DashSidebar
FN:32,(anonymous_1)
FN:34,(anonymous_2)
FN:36,(anonymous_3)
FNF:4
FNH:1
FNDA:2,DashSidebar
FNDA:0,(anonymous_1)
FNDA:0,(anonymous_2)
FNDA:0,(anonymous_3)
DA:25,2
DA:27,2
DA:32,0
DA:34,0
DA:36,0
LF:5
LH:2
BRDA:28,0,0,2
BRDA:28,0,1,0
BRDA:34,1,0,2
BRDA:34,1,1,0
BRDA:36,2,0,2
BRDA:36,2,1,0
BRDA:39,3,0,2
BRDA:39,3,1,0
BRDA:40,4,0,2
BRDA:40,4,1,0
BRF:10
BRH:5
end_of_record
TN:
SF:/Users/josiahroa/Documents/Lambda School/BioBid/bio-bid-fe/bio-bid/src/components/bids/index.js
FN:13,(anonymous_0)
FN:17,(anonymous_1)
FN:18,(anonymous_2)
FN:20,(anonymous_3)
FNF:4
FNH:1
FNDA:2,(anonymous_0)
FNDA:0,(anonymous_1)
FNDA:0,(anonymous_2)
FNDA:0,(anonymous_3)
DA:14,2
DA:15,2
DA:17,2
DA:18,2
DA:20,2
DA:21,0
DA:24,2
LF:7
LH:6
BRDA:27,0,0,0
BRDA:27,0,1,2
BRF:2
BRH:1
end_of_record
TN:
SF:/Users/josiahroa/Documents/Lambda School/BioBid/bio-bid-fe/bio-bid/src/components/bids/new-sidebar.js
FN:22,DashSidebar
FN:30,(anonymous_1)
FN:31,(anonymous_2)
FNF:3
FNH:0
FNDA:0,DashSidebar
FNDA:0,(anonymous_1)
FNDA:0,(anonymous_2)
DA:25,0
DA:27,0
DA:30,0
DA:31,0
LF:4
LH:0
BRDA:28,0,0,0
BRDA:28,0,1,0
BRDA:30,1,0,0
BRDA:30,1,1,0
BRDA:33,2,0,0
BRDA:33,2,1,0
BRDA:35,3,0,0
BRDA:35,3,1,0
BRDA:38,4,0,0
BRDA:38,4,1,0
BRDA:39,5,0,0
BRDA:39,5,1,0
BRDA:42,6,0,0
BRDA:42,6,1,0
BRDA:43,7,0,0
BRDA:43,7,1,0
BRDA:46,8,0,0
BRDA:46,8,1,0
BRDA:47,9,0,0
BRDA:47,9,1,0
BRDA:50,10,0,0
BRDA:50,10,1,0
BRDA:51,11,0,0
BRDA:51,11,1,0
BRDA:54,12,0,0
BRDA:54,12,1,0
BRDA:55,13,0,0
BRDA:55,13,1,0
BRDA:59,14,0,0
BRDA:59,14,1,0
BRDA:60,15,0,0
BRDA:60,15,1,0
BRF:32
BRH:0
end_of_record
TN:
SF:/Users/josiahroa/Documents/Lambda School/BioBid/bio-bid-fe/bio-bid/src/components/bids/open-dash.js
FN:22,OpenDash
FN:30,(anonymous_1)
FNF:2
FNH:1
FNDA:2,OpenDash
FNDA:0,(anonymous_1)
DA:25,2
DA:27,2
DA:30,0
LF:3
LH:2
BRDA:28,0,0,0
BRDA:28,0,1,2
BRDA:32,1,0,2
BRDA:32,1,1,0
BRDA:38,2,0,2
BRDA:38,2,1,0
BRF:6
BRH:3
end_of_record
TN:
SF:/Users/josiahroa/Documents/Lambda School/BioBid/bio-bid-fe/bio-bid/src/components/bids/styles/styled-componets.js
FNF:0
FNH:0
DA:3,1
DA:8,1
LF:2
LH:2
BRF:0
BRH:0
end_of_record
TN:
SF:/Users/josiahroa/Documents/Lambda School/BioBid/bio-bid-fe/bio-bid/src/components/company-profile/Details/Bubble.js
FN:20,(anonymous_0)
FNF:1
FNH:0
FNDA:0,(anonymous_0)
DA:5,0
DA:21,0
LF:2
LH:0
BRF:0
BRH:0
end_of_record
TN:
SF:/Users/josiahroa/Documents/Lambda School/BioBid/bio-bid-fe/bio-bid/src/components/company-profile/Details/Details.js
FN:18,(anonymous_0)
FN:25,(anonymous_1)
FN:38,(anonymous_2)
FN:48,(anonymous_3)
FN:173,(anonymous_4)
FN:180,(anonymous_5)
FNF:6
FNH:0
FNDA:0,(anonymous_0)
FNDA:0,(anonymous_1)
FNDA:0,(anonymous_2)
FNDA:0,(anonymous_3)
FNDA:0,(anonymous_4)
FNDA:0,(anonymous_5)
DA:18,0
DA:26,0
DA:27,0
DA:28,0
DA:30,0
DA:32,0
DA:36,0
DA:38,0
DA:39,0
DA:40,0
DA:41,0
DA:44,0
DA:48,0
DA:49,0
DA:50,0
DA:51,0
DA:53,0
DA:54,0
DA:56,0
DA:57,0
DA:59,0
DA:60,0
DA:62,0
DA:63,0
DA:65,0
DA:66,0
DA:68,0
DA:69,0
DA:71,0
DA:72,0
DA:74,0
DA:75,0
DA:77,0
DA:78,0
DA:80,0
DA:85,0
DA:174,0
DA:181,0
LF:38
LH:0
BRDA:50,0,0,0
BRDA:50,0,1,0
BRDA:50,1,0,0
BRDA:50,1,1,0
BRDA:51,2,0,0
BRDA:51,2,1,0
BRDA:51,2,2,0
BRDA:51,2,3,0
BRDA:51,2,4,0
BRDA:51,2,5,0
BRDA:51,2,6,0
BRDA:51,2,7,0
BRDA:51,2,8,0
BRDA:51,2,9,0
BRDA:87,3,0,0
BRDA:87,3,1,0
BRDA:92,4,0,0
BRDA:92,4,1,0
BRDA:120,5,0,0
BRDA:120,5,1,0
BRDA:124,6,0,0
BRDA:124,6,1,0
BRDA:132,7,0,0
BRDA:132,7,1,0
BRDA:144,8,0,0
BRDA:144,8,1,0
BRDA:158,9,0,0
BRDA:158,9,1,0
BRDA:162,10,0,0
BRDA:162,10,1,0
BRDA:167,11,0,0
BRDA:167,11,1,0
BRF:32
BRH:0
end_of_record
TN:
SF:/Users/josiahroa/Documents/Lambda School/BioBid/bio-bid-fe/bio-bid/src/components/company-profile/Details/styles.js
FN:145,(anonymous_0)
FN:157,(anonymous_1)
FN:164,(anonymous_2)
FN:165,(anonymous_3)
FN:170,(anonymous_4)
FNF:5
FNH:0
FNDA:0,(anonymous_0)
FNDA:0,(anonymous_1)
FNDA:0,(anonymous_2)
FNDA:0,(anonymous_3)
FNDA:0,(anonymous_4)
DA:8,0
DA:145,0
DA:146,0
DA:148,0
DA:150,0
DA:152,0
DA:156,0
DA:157,0
DA:164,0
DA:165,0
DA:170,0
DA:177,0
DA:183,0
DA:189,0
DA:195,0
LF:15
LH:0
BRDA:146,0,0,0
BRDA:146,0,1,0
BRDA:146,0,2,0
BRDA:157,1,0,0
BRDA:157,1,1,0
BRDA:170,2,0,0
BRDA:170,2,1,0
BRF:7
BRH:0
end_of_record
TN:
SF:/Users/josiahroa/Documents/Lambda School/BioBid/bio-bid-fe/bio-bid/src/components/company-profile/Form/Form.js
FN:18,(anonymous_0)
FN:25,(anonymous_1)
FN:85,(anonymous_2)
FN:117,(anonymous_3)
FN:124,(anonymous_4)
FN:128,(anonymous_5)
FN:133,(anonymous_6)
FN:140,(anonymous_7)
FN:143,(anonymous_8)
FN:156,(anonymous_9)
FN:227,(anonymous_10)
FN:235,(anonymous_11)
FN:246,(anonymous_12)
FN:267,(anonymous_13)
FN:272,(anonymous_14)
FN:273,(anonymous_15)
FN:274,(anonymous_16)
FN:275,(anonymous_17)
FN:304,(anonymous_18)
FN:306,(anonymous_19)
FN:314,(anonymous_20)
FN:322,(anonymous_21)
FN:330,(anonymous_22)
FN:342,(anonymous_23)
FN:352,(anonymous_24)
FN:358,(anonymous_25)
FN:360,(anonymous_26)
FNF:27
FNH:10
FNDA:2,(anonymous_0)
FNDA:21,(anonymous_1)
FNDA:0,(anonymous_2)
FNDA:0,(anonymous_3)
FNDA:0,(anonymous_4)
FNDA:0,(anonymous_5)
FNDA:1,(anonymous_6)
FNDA:0,(anonymous_7)
FNDA:0,(anonymous_8)
FNDA:2,(anonymous_9)
FNDA:0,(anonymous_10)
FNDA:0,(anonymous_11)
FNDA:2,(anonymous_12)
FNDA:3,(anonymous_13)
FNDA:0,(anonymous_14)
FNDA:0,(anonymous_15)
FNDA:0,(anonymous_16)
FNDA:0,(anonymous_17)
FNDA:2,(anonymous_18)
FNDA:0,(anonymous_19)
FNDA:0,(anonymous_20)
FNDA:0,(anonymous_21)
FNDA:0,(anonymous_22)
FNDA:2,(anonymous_23)
FNDA:4,(anonymous_24)
FNDA:2,(anonymous_25)
FNDA:0,(anonymous_26)
DA:18,2
DA:27,21
DA:29,21
DA:30,21
DA:46,21
DA:47,21
DA:48,21
DA:49,21
DA:50,21
DA:51,21
DA:52,21
DA:53,21
DA:54,21
DA:55,21
DA:56,21
DA:57,21
DA:58,21
DA:59,21
DA:74,21
DA:79,21
DA:80,21
DA:81,21
DA:82,21
DA:84,21
DA:86,0
DA:90,21
DA:98,21
DA:117,21
DA:118,0
DA:119,0
DA:120,0
DA:124,21
DA:125,0
DA:128,21
DA:129,0
DA:130,0
DA:133,21
DA:134,1
DA:140,21
DA:141,0
DA:144,0
DA:156,21
DA:157,2
DA:158,2
DA:159,1
DA:160,0
DA:161,0
DA:162,0
DA:164,1
DA:165,1
DA:166,1
DA:167,1
DA:168,1
DA:182,0
DA:183,0
DA:186,1
DA:187,1
DA:188,1
DA:189,1
DA:193,1
DA:194,1
DA:195,1
DA:196,1
DA:198,0
DA:199,0
DA:200,0
DA:201,0
DA:202,0
DA:215,0
DA:218,0
DA:219,0
DA:220,0
DA:221,0
DA:227,21
DA:228,0
DA:229,0
DA:231,0
DA:235,21
DA:236,0
DA:237,0
DA:238,0
DA:246,21
DA:247,2
DA:248,0
DA:249,0
DA:251,2
DA:252,0
DA:253,0
DA:255,2
DA:256,2
DA:267,21
DA:268,3
DA:269,2
DA:270,0
DA:271,0
DA:272,0
DA:273,0
DA:274,0
DA:275,0
DA:276,0
DA:290,2
DA:291,1
DA:292,1
DA:304,21
DA:305,2
DA:306,0
DA:307,0
DA:309,2
DA:310,0
DA:313,2
DA:314,0
DA:315,0
DA:317,2
DA:318,0
DA:321,2
DA:322,0
DA:323,0
DA:325,2
DA:326,0
DA:329,2
DA:330,0
DA:331,0
DA:333,2
DA:334,0
DA:342,21
DA:343,2
DA:344,0
DA:352,21
DA:353,4
DA:354,0
DA:358,21
DA:359,2
DA:360,0
DA:361,0
DA:366,21
LF:135
LH:78
BRDA:118,0,0,0
BRDA:118,0,1,0
BRDA:158,1,0,1
BRDA:158,1,1,1
BRDA:159,2,0,0
BRDA:159,2,1,1
BRDA:176,3,0,1
BRDA:176,3,1,0
BRDA:193,4,0,1
BRDA:193,4,1,0
BRDA:209,5,0,0
BRDA:209,5,1,0
BRDA:228,6,0,0
BRDA:228,6,1,0
BRDA:237,7,0,0
BRDA:237,7,1,0
BRDA:247,8,0,0
BRDA:247,8,1,2
BRDA:247,9,0,2
BRDA:247,9,1,0
BRDA:251,10,0,0
BRDA:251,10,1,2
BRDA:268,11,0,2
BRDA:268,11,1,1
BRDA:269,12,0,0
BRDA:269,12,1,2
BRDA:283,13,0,0
BRDA:283,13,1,0
BRDA:290,14,0,1
BRDA:290,14,1,1
BRDA:305,15,0,0
BRDA:305,15,1,2
BRDA:309,16,0,0
BRDA:309,16,1,2
BRDA:313,17,0,0
BRDA:313,17,1,2
BRDA:317,18,0,0
BRDA:317,18,1,2
BRDA:321,19,0,0
BRDA:321,19,1,2
BRDA:325,20,0,0
BRDA:325,20,1,2
BRDA:329,21,0,0
BRDA:329,21,1,2
BRDA:333,22,0,0
BRDA:333,22,1,2
BRDA:343,23,0,0
BRDA:343,23,1,2
BRDA:353,24,0,0
BRDA:353,24,1,4
BRDA:353,25,0,4
BRDA:353,25,1,1
BRDA:353,25,2,0
BRDA:359,26,0,0
BRDA:359,26,1,2
BRDA:369,27,0,0
BRDA:369,27,1,21
BRDA:381,28,0,13
BRDA:381,28,1,8
BRDA:384,29,0,0
BRDA:384,29,1,21
BRDA:389,30,0,14
BRDA:389,30,1,7
BRDA:410,31,0,14
BRDA:410,31,1,7
BRDA:446,32,0,0
BRDA:446,32,1,21
BRDA:455,33,0,0
BRDA:455,33,1,21
BRDA:494,34,0,21
BRDA:494,34,1,0
BRDA:505,35,0,21
BRDA:505,35,1,0
BRDA:516,36,0,21
BRDA:516,36,1,0
BRDA:527,37,0,21
BRDA:527,37,1,0
BRF:77
BRH:40
end_of_record
TN:
SF:/Users/josiahroa/Documents/Lambda School/BioBid/bio-bid-fe/bio-bid/src/components/company-profile/Form/MultipleInput.js
FN:57,(anonymous_0)
FN:88,(anonymous_1)
FN:104,(anonymous_2)
FN:108,(anonymous_3)
FN:109,(anonymous_4)
FN:115,(anonymous_5)
FN:122,(anonymous_6)
FN:125,(anonymous_7)
FN:131,(anonymous_8)
FN:141,(anonymous_9)
FN:142,(anonymous_10)
FN:146,(anonymous_11)
FN:150,(anonymous_12)
FN:152,(anonymous_13)
FN:161,(anonymous_14)
FN:162,(anonymous_15)
FN:179,(anonymous_16)
FN:182,(anonymous_17)
FNF:18
FNH:0
FNDA:0,(anonymous_0)
FNDA:0,(anonymous_1)
FNDA:0,(anonymous_2)
FNDA:0,(anonymous_3)
FNDA:0,(anonymous_4)
FNDA:0,(anonymous_5)
FNDA:0,(anonymous_6)
FNDA:0,(anonymous_7)
FNDA:0,(anonymous_8)
FNDA:0,(anonymous_9)
FNDA:0,(anonymous_10)
FNDA:0,(anonymous_11)
FNDA:0,(anonymous_12)
FNDA:0,(anonymous_13)
FNDA:0,(anonymous_14)
FNDA:0,(anonymous_15)
FNDA:0,(anonymous_16)
FNDA:0,(anonymous_17)
DA:5,1
DA:56,1
DA:57,0
DA:97,0
DA:98,0
DA:99,0
DA:100,0
DA:102,0
DA:104,0
DA:105,0
DA:108,0
DA:109,0
DA:110,0
DA:115,0
DA:116,0
DA:122,0
DA:123,0
DA:124,0
DA:125,0
DA:127,0
DA:131,0
DA:132,0
DA:133,0
DA:137,0
DA:138,0
DA:141,0
DA:142,0
DA:146,0
DA:147,0
DA:150,0
DA:151,0
DA:152,0
DA:153,0
DA:157,0
DA:162,0
DA:180,0
DA:182,0
LF:37
LH:2
BRDA:57,0,0,0
BRDA:57,0,1,0
BRDA:124,1,0,0
BRDA:124,1,1,0
BRDA:151,2,0,0
BRDA:151,2,1,0
BRDA:161,3,0,0
BRDA:161,3,1,0
BRDA:166,4,0,0
BRDA:166,4,1,0
BRDA:171,5,0,0
BRDA:171,5,1,0
BRDA:171,5,2,0
BRDA:179,6,0,0
BRDA:179,6,1,0
BRF:15
BRH:0
end_of_record
TN:
SF:/Users/josiahroa/Documents/Lambda School/BioBid/bio-bid-fe/bio-bid/src/components/company-profile/Form/WarningCard.js
FN:4,(anonymous_0)
FNF:1
FNH:1
FNDA:21,(anonymous_0)
DA:5,21
DA:6,0
DA:21,21
DA:22,21
LF:4
LH:3
BRDA:5,0,0,0
BRDA:5,0,1,21
BRDA:21,1,0,21
BRDA:21,1,1,0
BRF:4
BRH:2
end_of_record
TN:
SF:/Users/josiahroa/Documents/Lambda School/BioBid/bio-bid-fe/bio-bid/src/components/company-profile/Form/styles.js
FN:40,(anonymous_0)
FN:55,(anonymous_1)
FN:75,(anonymous_2)
FN:77,(anonymous_3)
FN:78,(anonymous_4)
FN:88,(anonymous_5)
FNF:6
FNH:6
FNDA:21,(anonymous_0)
FNDA:21,(anonymous_1)
FNDA:105,(anonymous_2)
FNDA:105,(anonymous_3)
FNDA:105,(anonymous_4)
FNDA:105,(anonymous_5)
DA:5,1
DA:39,1
DA:40,21
DA:54,1
DA:55,21
DA:69,1
DA:75,105
DA:77,105
DA:78,105
DA:88,105
DA:92,1
DA:214,1
DA:219,1
LF:13
LH:13
BRDA:40,0,0,13
BRDA:40,0,1,8
BRDA:55,1,0,0
BRDA:55,1,1,21
BRDA:75,2,0,21
BRDA:75,2,1,84
BRDA:77,3,0,42
BRDA:77,3,1,63
BRDA:78,4,0,42
BRDA:78,4,1,63
BRDA:88,5,0,42
BRDA:88,5,1,63
BRF:12
BRH:11
end_of_record
TN:
SF:/Users/josiahroa/Documents/Lambda School/BioBid/bio-bid-fe/bio-bid/src/components/company-profile/List/CompanyCard.js
FN:8,(anonymous_0)
FN:12,(anonymous_1)
FNF:2
FNH:0
FNDA:0,(anonymous_0)
FNDA:0,(anonymous_1)
DA:9,0
DA:10,0
DA:12,0
DA:13,0
DA:14,0
DA:15,0
DA:17,0
DA:21,0
LF:8
LH:0
BRDA:13,0,0,0
BRDA:13,0,1,0
BRDA:23,1,0,0
BRDA:23,1,1,0
BRDA:32,2,0,0
BRDA:32,2,1,0
BRDA:33,3,0,0
BRDA:33,3,1,0
BRDA:47,4,0,0
BRDA:47,4,1,0
BRDA:48,5,0,0
BRDA:48,5,1,0
BRF:12
BRH:0
end_of_record
TN:
SF:/Users/josiahroa/Documents/Lambda School/BioBid/bio-bid-fe/bio-bid/src/components/company-profile/List/List.js
FN:14,(anonymous_0)
FN:21,(anonymous_1)
FN:30,(anonymous_2)
FN:34,(anonymous_3)
FN:36,(anonymous_4)
FN:42,(anonymous_5)
FN:46,(anonymous_6)
FN:50,(anonymous_7)
FN:77,(anonymous_8)
FNF:9
FNH:0
FNDA:0,(anonymous_0)
FNDA:0,(anonymous_1)
FNDA:0,(anonymous_2)
FNDA:0,(anonymous_3)
FNDA:0,(anonymous_4)
FNDA:0,(anonymous_5)
FNDA:0,(anonymous_6)
FNDA:0,(anonymous_7)
FNDA:0,(anonymous_8)
DA:14,0
DA:22,0
DA:23,0
DA:25,0
DA:26,0
DA:28,0
DA:30,0
DA:31,0
DA:34,0
DA:35,0
DA:36,0
DA:38,0
DA:42,0
DA:43,0
DA:46,0
DA:47,0
DA:50,0
DA:51,0
DA:54,0
DA:78,0
LF:20
LH:0
BRDA:35,0,0,0
BRDA:35,0,1,0
BRDA:77,1,0,0
BRDA:77,1,1,0
BRF:4
BRH:0
end_of_record
TN:
SF:/Users/josiahroa/Documents/Lambda School/BioBid/bio-bid-fe/bio-bid/src/components/company-profile/List/styles.js
FN:110,(anonymous_0)
FN:132,(anonymous_1)
FN:133,(anonymous_2)
FN:143,(anonymous_3)
FNF:4
FNH:0
FNDA:0,(anonymous_0)
FNDA:0,(anonymous_1)
FNDA:0,(anonymous_2)
FNDA:0,(anonymous_3)
DA:4,0
DA:45,0
DA:102,0
DA:110,0
DA:124,0
DA:132,0
DA:133,0
DA:143,0
LF:8
LH:0
BRDA:110,0,0,0
BRDA:110,0,1,0
BRDA:132,1,0,0
BRDA:132,1,1,0
BRDA:133,2,0,0
BRDA:133,2,1,0
BRDA:143,3,0,0
BRDA:143,3,1,0
BRF:8
BRH:0
end_of_record
TN:
SF:/Users/josiahroa/Documents/Lambda School/BioBid/bio-bid-fe/bio-bid/src/imports/bidsImports.js
FNF:0
FNH:0
LF:0
LH:0
BRF:0
BRH:0
end_of_record
TN:
SF:/Users/josiahroa/Documents/Lambda School/BioBid/bio-bid-fe/bio-bid/src/mutations/index.js
FNF:0
FNH:0
DA:3,1
DA:11,1
DA:43,1
LF:3
LH:3
BRF:0
BRH:0
end_of_record
TN:
SF:/Users/josiahroa/Documents/Lambda School/BioBid/bio-bid-fe/bio-bid/src/queries/index.js
FNF:0
FNH:0
DA:3,2
DA:19,2
DA:32,2
DA:58,2
DA:66,2
DA:74,2
DA:82,2
LF:7
LH:7
BRF:0
BRH:0
end_of_record
TN:
SF:/Users/josiahroa/Documents/Lambda School/BioBid/bio-bid-fe/bio-bid/src/utils/enums.js
FNF:0
FNH:0
DA:1,1
DA:8,1
LF:2
LH:2
BRF:0
BRH:0
end_of_record
TN:
SF:/Users/josiahroa/Documents/Lambda School/BioBid/bio-bid-fe/bio-bid/src/utils/filter.js
FN:3,(anonymous_0)
FN:6,(anonymous_1)
FN:9,(anonymous_2)
FN:12,(anonymous_3)
FN:19,(anonymous_4)
FN:22,(anonymous_5)
FN:25,(anonymous_6)
FN:28,(anonymous_7)
FNF:8
FNH:0
FNDA:0,(anonymous_0)
FNDA:0,(anonymous_1)
FNDA:0,(anonymous_2)
FNDA:0,(anonymous_3)
FNDA:0,(anonymous_4)
FNDA:0,(anonymous_5)
FNDA:0,(anonymous_6)
FNDA:0,(anonymous_7)
DA:3,1
DA:4,0
DA:6,0
DA:9,0
DA:12,0
DA:15,0
DA:19,1
DA:20,0
DA:22,0
DA:25,0
DA:28,0
DA:31,0
LF:12
LH:2
BRDA:4,0,0,0
BRDA:4,0,1,0
BRDA:4,0,2,0
BRDA:4,0,3,0
BRDA:20,1,0,0
BRDA:20,1,1,0
BRDA:20,1,2,0
BRDA:20,1,3,0
BRF:8
BRH:0
end_of_record
TN:
SF:/Users/josiahroa/Documents/Lambda School/BioBid/bio-bid-fe/bio-bid/src/utils/filterResults.js
FN:4,filterResults
FNF:1
FNH:0
FNDA:0,filterResults
DA:5,0
DA:6,0
DA:7,0
DA:8,0
DA:10,0
DA:11,0
DA:12,0
DA:16,0
DA:17,0
DA:18,0
DA:21,0
DA:22,0
DA:23,0
DA:26,0
DA:27,0
DA:28,0
DA:32,0
DA:33,0
DA:34,0
DA:37,0
DA:38,0
DA:39,0
DA:42,0
DA:44,0
DA:45,0
DA:46,0
DA:47,0
DA:50,0
DA:51,0
DA:56,0
DA:57,0
DA:60,0
DA:62,0
DA:63,0
DA:64,0
DA:67,0
LF:36
LH:0
BRDA:10,0,0,0
BRDA:10,0,1,0
BRDA:16,1,0,0
BRDA:16,1,1,0
BRDA:21,2,0,0
BRDA:21,2,1,0
BRDA:26,3,0,0
BRDA:26,3,1,0
BRDA:32,4,0,0
BRDA:32,4,1,0
BRDA:37,5,0,0
BRDA:37,5,1,0
BRDA:44,6,0,0
BRDA:44,6,1,0
BRDA:46,7,0,0
BRDA:46,7,1,0
BRDA:63,8,0,0
BRDA:63,8,1,0
BRDA:63,9,0,0
BRDA:63,9,1,0
BRF:20
BRH:0
end_of_record
TN:
SF:/Users/josiahroa/Documents/Lambda School/BioBid/bio-bid-fe/bio-bid/src/utils/tableHeaders.js
FNF:0
FNH:0
DA:1,1
LF:1
LH:1
BRF:0
BRH:0
end_of_record
